{"message":"::1 - - [27/Oct/2020:13:23:29 +0000] \"OPTIONS /api/auth/login HTTP/1.1\" 200 4 \"http://localhost:4200/\" \"Mozilla/5.0 (Windows NT 10.0; Win64; x64) AppleWebKit/537.36 (KHTML, like Gecko) Chrome/86.0.4240.111 Safari/537.36\"\n","level":"info"}
{"message":"::1 - - [27/Oct/2020:13:23:29 +0000] \"POST /api/auth/login HTTP/1.1\" 200 224 \"http://localhost:4200/\" \"Mozilla/5.0 (Windows NT 10.0; Win64; x64) AppleWebKit/537.36 (KHTML, like Gecko) Chrome/86.0.4240.111 Safari/537.36\"\n","level":"info"}
{"message":"::1 - - [27/Oct/2020:13:23:29 +0000] \"OPTIONS /api/sauces HTTP/1.1\" 200 13 \"http://localhost:4200/\" \"Mozilla/5.0 (Windows NT 10.0; Win64; x64) AppleWebKit/537.36 (KHTML, like Gecko) Chrome/86.0.4240.111 Safari/537.36\"\n","level":"info"}
{"message":"::1 - - [27/Oct/2020:13:23:29 +0000] \"GET /api/sauces HTTP/1.1\" 304 - \"http://localhost:4200/\" \"Mozilla/5.0 (Windows NT 10.0; Win64; x64) AppleWebKit/537.36 (KHTML, like Gecko) Chrome/86.0.4240.111 Safari/537.36\"\n","level":"info"}
{"message":"::1 - - [27/Oct/2020:13:23:29 +0000] \"GET /images/sauce-piquante-blair-s-ultra-death-sauce.jpg1603457022713.jpg HTTP/1.1\" 304 - \"http://localhost:4200/\" \"Mozilla/5.0 (Windows NT 10.0; Win64; x64) AppleWebKit/537.36 (KHTML, like Gecko) Chrome/86.0.4240.111 Safari/537.36\"\n","level":"info"}
{"message":"::1 - - [27/Oct/2020:13:23:29 +0000] \"GET /images/sauce-bbq-miel-epices-stubb-s.jpg1603457692260.jpg HTTP/1.1\" 304 - \"http://localhost:4200/\" \"Mozilla/5.0 (Windows NT 10.0; Win64; x64) AppleWebKit/537.36 (KHTML, like Gecko) Chrome/86.0.4240.111 Safari/537.36\"\n","level":"info"}
{"message":"::1 - - [27/Oct/2020:13:23:29 +0000] \"GET /images/25-500x341.jpg1603720475218.jpg HTTP/1.1\" 200 18551 \"http://localhost:4200/\" \"Mozilla/5.0 (Windows NT 10.0; Win64; x64) AppleWebKit/537.36 (KHTML, like Gecko) Chrome/86.0.4240.111 Safari/537.36\"\n","level":"info"}
{"message":"::1 - - [27/Oct/2020:13:23:32 +0000] \"OPTIONS /api/sauces/5f92d29c83cb9b2cec3fa42b HTTP/1.1\" 200 19 \"http://localhost:4200/\" \"Mozilla/5.0 (Windows NT 10.0; Win64; x64) AppleWebKit/537.36 (KHTML, like Gecko) Chrome/86.0.4240.111 Safari/537.36\"\n","level":"info"}
{"message":"::1 - - [27/Oct/2020:13:23:32 +0000] \"GET /api/sauces/5f92d29c83cb9b2cec3fa42b HTTP/1.1\" 200 407 \"http://localhost:4200/\" \"Mozilla/5.0 (Windows NT 10.0; Win64; x64) AppleWebKit/537.36 (KHTML, like Gecko) Chrome/86.0.4240.111 Safari/537.36\"\n","level":"info"}
{"message":"::1 - - [27/Oct/2020:13:23:33 +0000] \"GET /api/sauces HTTP/1.1\" 304 - \"http://localhost:4200/\" \"Mozilla/5.0 (Windows NT 10.0; Win64; x64) AppleWebKit/537.36 (KHTML, like Gecko) Chrome/86.0.4240.111 Safari/537.36\"\n","level":"info"}
{"message":"::1 - - [27/Oct/2020:13:23:34 +0000] \"OPTIONS /api/sauces/5f92cffe58065c58e44da4e4 HTTP/1.1\" 200 19 \"http://localhost:4200/\" \"Mozilla/5.0 (Windows NT 10.0; Win64; x64) AppleWebKit/537.36 (KHTML, like Gecko) Chrome/86.0.4240.111 Safari/537.36\"\n","level":"info"}
{"message":"::1 - - [27/Oct/2020:13:23:34 +0000] \"GET /api/sauces/5f92cffe58065c58e44da4e4 HTTP/1.1\" 200 469 \"http://localhost:4200/\" \"Mozilla/5.0 (Windows NT 10.0; Win64; x64) AppleWebKit/537.36 (KHTML, like Gecko) Chrome/86.0.4240.111 Safari/537.36\"\n","level":"info"}
{"message":"::1 - - [27/Oct/2020:13:23:35 +0000] \"OPTIONS /api/sauces HTTP/1.1\" 200 13 \"http://localhost:4200/\" \"Mozilla/5.0 (Windows NT 10.0; Win64; x64) AppleWebKit/537.36 (KHTML, like Gecko) Chrome/86.0.4240.111 Safari/537.36\"\n","level":"info"}
{"message":"::1 - - [27/Oct/2020:13:23:35 +0000] \"GET /api/sauces HTTP/1.1\" 304 - \"http://localhost:4200/\" \"Mozilla/5.0 (Windows NT 10.0; Win64; x64) AppleWebKit/537.36 (KHTML, like Gecko) Chrome/86.0.4240.111 Safari/537.36\"\n","level":"info"}
{"message":"::1 - - [27/Oct/2020:13:23:36 +0000] \"OPTIONS /api/sauces/5f96d51ba3c57b195001d189 HTTP/1.1\" 200 19 \"http://localhost:4200/\" \"Mozilla/5.0 (Windows NT 10.0; Win64; x64) AppleWebKit/537.36 (KHTML, like Gecko) Chrome/86.0.4240.111 Safari/537.36\"\n","level":"info"}
{"message":"::1 - - [27/Oct/2020:13:23:36 +0000] \"GET /api/sauces/5f96d51ba3c57b195001d189 HTTP/1.1\" 304 - \"http://localhost:4200/\" \"Mozilla/5.0 (Windows NT 10.0; Win64; x64) AppleWebKit/537.36 (KHTML, like Gecko) Chrome/86.0.4240.111 Safari/537.36\"\n","level":"info"}
{"message":"::1 - - [27/Oct/2020:13:23:37 +0000] \"OPTIONS /api/sauces/5f96d51ba3c57b195001d189/like HTTP/1.1\" 200 4 \"http://localhost:4200/\" \"Mozilla/5.0 (Windows NT 10.0; Win64; x64) AppleWebKit/537.36 (KHTML, like Gecko) Chrome/86.0.4240.111 Safari/537.36\"\n","level":"info"}
{"message":"::1 - - [27/Oct/2020:13:23:37 +0000] \"POST /api/sauces/5f96d51ba3c57b195001d189/like HTTP/1.1\" 200 41 \"http://localhost:4200/\" \"Mozilla/5.0 (Windows NT 10.0; Win64; x64) AppleWebKit/537.36 (KHTML, like Gecko) Chrome/86.0.4240.111 Safari/537.36\"\n","level":"info"}
{"message":"::1 - - [27/Oct/2020:13:23:38 +0000] \"GET /api/sauces HTTP/1.1\" 200 1263 \"http://localhost:4200/\" \"Mozilla/5.0 (Windows NT 10.0; Win64; x64) AppleWebKit/537.36 (KHTML, like Gecko) Chrome/86.0.4240.111 Safari/537.36\"\n","level":"info"}
{"message":"::1 - - [27/Oct/2020:13:23:47 +0000] \"OPTIONS /api/sauces/5f92cffe58065c58e44da4e4 HTTP/1.1\" 200 19 \"http://localhost:4200/\" \"Mozilla/5.0 (Windows NT 10.0; Win64; x64) AppleWebKit/537.36 (KHTML, like Gecko) Chrome/86.0.4240.111 Safari/537.36\"\n","level":"info"}
{"message":"::1 - - [27/Oct/2020:13:23:47 +0000] \"GET /api/sauces/5f92cffe58065c58e44da4e4 HTTP/1.1\" 304 - \"http://localhost:4200/\" \"Mozilla/5.0 (Windows NT 10.0; Win64; x64) AppleWebKit/537.36 (KHTML, like Gecko) Chrome/86.0.4240.111 Safari/537.36\"\n","level":"info"}
{"message":"::1 - - [27/Oct/2020:13:23:48 +0000] \"GET /api/sauces/5f92cffe58065c58e44da4e4 HTTP/1.1\" 304 - \"http://localhost:4200/\" \"Mozilla/5.0 (Windows NT 10.0; Win64; x64) AppleWebKit/537.36 (KHTML, like Gecko) Chrome/86.0.4240.111 Safari/537.36\"\n","level":"info"}
{"message":"::1 - - [27/Oct/2020:13:24:05 +0000] \"OPTIONS /api/sauces/5f92cffe58065c58e44da4e4 HTTP/1.1\" 200 19 \"http://localhost:4200/\" \"Mozilla/5.0 (Windows NT 10.0; Win64; x64) AppleWebKit/537.36 (KHTML, like Gecko) Chrome/86.0.4240.111 Safari/537.36\"\n","level":"info"}
{"message":"::1 - - [27/Oct/2020:13:24:05 +0000] \"PUT /api/sauces/5f92cffe58065c58e44da4e4 HTTP/1.1\" 200 46 \"http://localhost:4200/\" \"Mozilla/5.0 (Windows NT 10.0; Win64; x64) AppleWebKit/537.36 (KHTML, like Gecko) Chrome/86.0.4240.111 Safari/537.36\"\n","level":"info"}
{"message":"::1 - - [27/Oct/2020:13:24:05 +0000] \"OPTIONS /api/sauces HTTP/1.1\" 200 13 \"http://localhost:4200/\" \"Mozilla/5.0 (Windows NT 10.0; Win64; x64) AppleWebKit/537.36 (KHTML, like Gecko) Chrome/86.0.4240.111 Safari/537.36\"\n","level":"info"}
{"message":"::1 - - [27/Oct/2020:13:24:05 +0000] \"GET /api/sauces HTTP/1.1\" 200 1273 \"http://localhost:4200/\" \"Mozilla/5.0 (Windows NT 10.0; Win64; x64) AppleWebKit/537.36 (KHTML, like Gecko) Chrome/86.0.4240.111 Safari/537.36\"\n","level":"info"}
{"message":"::1 - - [27/Oct/2020:13:24:05 +0000] \"GET /images/sauce-bbq-miel-epices-stubb-s.jpg1603457692260.jpg HTTP/1.1\" 304 - \"http://localhost:4200/\" \"Mozilla/5.0 (Windows NT 10.0; Win64; x64) AppleWebKit/537.36 (KHTML, like Gecko) Chrome/86.0.4240.111 Safari/537.36\"\n","level":"info"}
{"message":"::1 - - [27/Oct/2020:13:24:05 +0000] \"GET /images/25-500x341.jpg1603720475218.jpg HTTP/1.1\" 304 - \"http://localhost:4200/\" \"Mozilla/5.0 (Windows NT 10.0; Win64; x64) AppleWebKit/537.36 (KHTML, like Gecko) Chrome/86.0.4240.111 Safari/537.36\"\n","level":"info"}
{"message":"::1 - - [27/Oct/2020:13:24:08 +0000] \"GET /api/sauces/5f92cffe58065c58e44da4e4 HTTP/1.1\" 200 479 \"http://localhost:4200/\" \"Mozilla/5.0 (Windows NT 10.0; Win64; x64) AppleWebKit/537.36 (KHTML, like Gecko) Chrome/86.0.4240.111 Safari/537.36\"\n","level":"info"}
{"message":"::1 - - [27/Oct/2020:13:24:12 +0000] \"OPTIONS /api/sauces HTTP/1.1\" 200 13 \"http://localhost:4200/\" \"Mozilla/5.0 (Windows NT 10.0; Win64; x64) AppleWebKit/537.36 (KHTML, like Gecko) Chrome/86.0.4240.111 Safari/537.36\"\n","level":"info"}
{"message":"::1 - - [27/Oct/2020:13:24:12 +0000] \"GET /api/sauces HTTP/1.1\" 304 - \"http://localhost:4200/\" \"Mozilla/5.0 (Windows NT 10.0; Win64; x64) AppleWebKit/537.36 (KHTML, like Gecko) Chrome/86.0.4240.111 Safari/537.36\"\n","level":"info"}
{"message":"::1 - - [27/Oct/2020:13:24:13 +0000] \"OPTIONS /api/sauces/5f92cffe58065c58e44da4e4 HTTP/1.1\" 200 19 \"http://localhost:4200/\" \"Mozilla/5.0 (Windows NT 10.0; Win64; x64) AppleWebKit/537.36 (KHTML, like Gecko) Chrome/86.0.4240.111 Safari/537.36\"\n","level":"info"}
{"message":"::1 - - [27/Oct/2020:13:24:14 +0000] \"GET /api/sauces/5f92cffe58065c58e44da4e4 HTTP/1.1\" 304 - \"http://localhost:4200/\" \"Mozilla/5.0 (Windows NT 10.0; Win64; x64) AppleWebKit/537.36 (KHTML, like Gecko) Chrome/86.0.4240.111 Safari/537.36\"\n","level":"info"}
{"message":"::1 - - [27/Oct/2020:13:24:17 +0000] \"GET /api/sauces HTTP/1.1\" 304 - \"http://localhost:4200/\" \"Mozilla/5.0 (Windows NT 10.0; Win64; x64) AppleWebKit/537.36 (KHTML, like Gecko) Chrome/86.0.4240.111 Safari/537.36\"\n","level":"info"}
{"message":"::1 - - [27/Oct/2020:13:24:18 +0000] \"OPTIONS /api/sauces/5f92d29c83cb9b2cec3fa42b HTTP/1.1\" 200 19 \"http://localhost:4200/\" \"Mozilla/5.0 (Windows NT 10.0; Win64; x64) AppleWebKit/537.36 (KHTML, like Gecko) Chrome/86.0.4240.111 Safari/537.36\"\n","level":"info"}
{"message":"::1 - - [27/Oct/2020:13:24:18 +0000] \"GET /api/sauces/5f92d29c83cb9b2cec3fa42b HTTP/1.1\" 304 - \"http://localhost:4200/\" \"Mozilla/5.0 (Windows NT 10.0; Win64; x64) AppleWebKit/537.36 (KHTML, like Gecko) Chrome/86.0.4240.111 Safari/537.36\"\n","level":"info"}
{"message":"::1 - - [27/Oct/2020:13:24:19 +0000] \"OPTIONS /api/sauces HTTP/1.1\" 200 13 \"http://localhost:4200/\" \"Mozilla/5.0 (Windows NT 10.0; Win64; x64) AppleWebKit/537.36 (KHTML, like Gecko) Chrome/86.0.4240.111 Safari/537.36\"\n","level":"info"}
{"message":"::1 - - [27/Oct/2020:13:24:19 +0000] \"GET /api/sauces HTTP/1.1\" 304 - \"http://localhost:4200/\" \"Mozilla/5.0 (Windows NT 10.0; Win64; x64) AppleWebKit/537.36 (KHTML, like Gecko) Chrome/86.0.4240.111 Safari/537.36\"\n","level":"info"}
{"message":"::1 - - [27/Oct/2020:13:24:20 +0000] \"OPTIONS /api/sauces/5f92cffe58065c58e44da4e4 HTTP/1.1\" 200 19 \"http://localhost:4200/\" \"Mozilla/5.0 (Windows NT 10.0; Win64; x64) AppleWebKit/537.36 (KHTML, like Gecko) Chrome/86.0.4240.111 Safari/537.36\"\n","level":"info"}
{"message":"::1 - - [27/Oct/2020:13:24:20 +0000] \"GET /api/sauces/5f92cffe58065c58e44da4e4 HTTP/1.1\" 304 - \"http://localhost:4200/\" \"Mozilla/5.0 (Windows NT 10.0; Win64; x64) AppleWebKit/537.36 (KHTML, like Gecko) Chrome/86.0.4240.111 Safari/537.36\"\n","level":"info"}
{"message":"::1 - - [27/Oct/2020:13:24:22 +0000] \"GET /api/sauces HTTP/1.1\" 304 - \"http://localhost:4200/\" \"Mozilla/5.0 (Windows NT 10.0; Win64; x64) AppleWebKit/537.36 (KHTML, like Gecko) Chrome/86.0.4240.111 Safari/537.36\"\n","level":"info"}
{"message":"::1 - - [27/Oct/2020:13:24:22 +0000] \"GET /api/sauces/5f92d29c83cb9b2cec3fa42b HTTP/1.1\" 304 - \"http://localhost:4200/\" \"Mozilla/5.0 (Windows NT 10.0; Win64; x64) AppleWebKit/537.36 (KHTML, like Gecko) Chrome/86.0.4240.111 Safari/537.36\"\n","level":"info"}
{"message":"::1 - - [27/Oct/2020:13:24:23 +0000] \"GET /api/sauces HTTP/1.1\" 304 - \"http://localhost:4200/\" \"Mozilla/5.0 (Windows NT 10.0; Win64; x64) AppleWebKit/537.36 (KHTML, like Gecko) Chrome/86.0.4240.111 Safari/537.36\"\n","level":"info"}
{"message":"::1 - - [27/Oct/2020:13:24:24 +0000] \"OPTIONS /api/sauces/5f96d51ba3c57b195001d189 HTTP/1.1\" 200 19 \"http://localhost:4200/\" \"Mozilla/5.0 (Windows NT 10.0; Win64; x64) AppleWebKit/537.36 (KHTML, like Gecko) Chrome/86.0.4240.111 Safari/537.36\"\n","level":"info"}
{"message":"::1 - - [27/Oct/2020:13:24:24 +0000] \"GET /api/sauces/5f96d51ba3c57b195001d189 HTTP/1.1\" 200 383 \"http://localhost:4200/\" \"Mozilla/5.0 (Windows NT 10.0; Win64; x64) AppleWebKit/537.36 (KHTML, like Gecko) Chrome/86.0.4240.111 Safari/537.36\"\n","level":"info"}
{"message":"::1 - - [27/Oct/2020:13:24:25 +0000] \"OPTIONS /api/sauces HTTP/1.1\" 200 13 \"http://localhost:4200/\" \"Mozilla/5.0 (Windows NT 10.0; Win64; x64) AppleWebKit/537.36 (KHTML, like Gecko) Chrome/86.0.4240.111 Safari/537.36\"\n","level":"info"}
{"message":"::1 - - [27/Oct/2020:13:24:25 +0000] \"GET /api/sauces HTTP/1.1\" 304 - \"http://localhost:4200/\" \"Mozilla/5.0 (Windows NT 10.0; Win64; x64) AppleWebKit/537.36 (KHTML, like Gecko) Chrome/86.0.4240.111 Safari/537.36\"\n","level":"info"}
{"message":"::1 - - [27/Oct/2020:14:23:06 +0000] \"OPTIONS /api/auth/login HTTP/1.1\" 200 4 \"http://localhost:4200/\" \"Mozilla/5.0 (Windows NT 10.0; Win64; x64) AppleWebKit/537.36 (KHTML, like Gecko) Chrome/86.0.4240.111 Safari/537.36\"\n","level":"info"}
{"message":"::1 - - [27/Oct/2020:14:23:06 +0000] \"POST /api/auth/login HTTP/1.1\" 401 47 \"http://localhost:4200/\" \"Mozilla/5.0 (Windows NT 10.0; Win64; x64) AppleWebKit/537.36 (KHTML, like Gecko) Chrome/86.0.4240.111 Safari/537.36\"\n","level":"info"}
{"message":"::1 - - [27/Oct/2020:14:25:02 +0000] \"OPTIONS /api/auth/login HTTP/1.1\" 200 4 \"http://localhost:4200/\" \"Mozilla/5.0 (Windows NT 10.0; Win64; x64) AppleWebKit/537.36 (KHTML, like Gecko) Chrome/86.0.4240.111 Safari/537.36\"\n","level":"info"}
{"message":"::1 - - [27/Oct/2020:14:25:02 +0000] \"POST /api/auth/login HTTP/1.1\" 200 224 \"http://localhost:4200/\" \"Mozilla/5.0 (Windows NT 10.0; Win64; x64) AppleWebKit/537.36 (KHTML, like Gecko) Chrome/86.0.4240.111 Safari/537.36\"\n","level":"info"}
{"message":"::1 - - [27/Oct/2020:14:25:02 +0000] \"OPTIONS /api/sauces HTTP/1.1\" 200 13 \"http://localhost:4200/\" \"Mozilla/5.0 (Windows NT 10.0; Win64; x64) AppleWebKit/537.36 (KHTML, like Gecko) Chrome/86.0.4240.111 Safari/537.36\"\n","level":"info"}
{"message":"::1 - - [27/Oct/2020:14:25:02 +0000] \"GET /api/sauces HTTP/1.1\" 304 - \"http://localhost:4200/\" \"Mozilla/5.0 (Windows NT 10.0; Win64; x64) AppleWebKit/537.36 (KHTML, like Gecko) Chrome/86.0.4240.111 Safari/537.36\"\n","level":"info"}
{"message":"::1 - - [27/Oct/2020:14:25:02 +0000] \"GET /images/sauce-bbq-miel-epices-stubb-s.jpg1603457692260.jpg HTTP/1.1\" 304 - \"http://localhost:4200/\" \"Mozilla/5.0 (Windows NT 10.0; Win64; x64) AppleWebKit/537.36 (KHTML, like Gecko) Chrome/86.0.4240.111 Safari/537.36\"\n","level":"info"}
{"message":"::1 - - [27/Oct/2020:14:25:02 +0000] \"GET /images/25-500x341.jpg1603720475218.jpg HTTP/1.1\" 304 - \"http://localhost:4200/\" \"Mozilla/5.0 (Windows NT 10.0; Win64; x64) AppleWebKit/537.36 (KHTML, like Gecko) Chrome/86.0.4240.111 Safari/537.36\"\n","level":"info"}
{"message":"::1 - - [27/Oct/2020:14:25:26 +0000] \"OPTIONS /api/sauces/5f92d29c83cb9b2cec3fa42b HTTP/1.1\" 200 19 \"http://localhost:4200/\" \"Mozilla/5.0 (Windows NT 10.0; Win64; x64) AppleWebKit/537.36 (KHTML, like Gecko) Chrome/86.0.4240.111 Safari/537.36\"\n","level":"info"}
{"message":"::1 - - [27/Oct/2020:14:25:26 +0000] \"GET /api/sauces/5f92d29c83cb9b2cec3fa42b HTTP/1.1\" 304 - \"http://localhost:4200/\" \"Mozilla/5.0 (Windows NT 10.0; Win64; x64) AppleWebKit/537.36 (KHTML, like Gecko) Chrome/86.0.4240.111 Safari/537.36\"\n","level":"info"}
{"message":"::1 - - [27/Oct/2020:14:25:31 +0000] \"OPTIONS /api/sauces HTTP/1.1\" 200 13 \"http://localhost:4200/\" \"Mozilla/5.0 (Windows NT 10.0; Win64; x64) AppleWebKit/537.36 (KHTML, like Gecko) Chrome/86.0.4240.111 Safari/537.36\"\n","level":"info"}
{"message":"::1 - - [27/Oct/2020:14:25:31 +0000] \"GET /api/sauces HTTP/1.1\" 304 - \"http://localhost:4200/\" \"Mozilla/5.0 (Windows NT 10.0; Win64; x64) AppleWebKit/537.36 (KHTML, like Gecko) Chrome/86.0.4240.111 Safari/537.36\"\n","level":"info"}
{"message":"::1 - - [27/Oct/2020:14:25:33 +0000] \"OPTIONS /api/sauces/5f92cffe58065c58e44da4e4 HTTP/1.1\" 200 19 \"http://localhost:4200/\" \"Mozilla/5.0 (Windows NT 10.0; Win64; x64) AppleWebKit/537.36 (KHTML, like Gecko) Chrome/86.0.4240.111 Safari/537.36\"\n","level":"info"}
{"message":"::1 - - [27/Oct/2020:14:25:33 +0000] \"GET /api/sauces/5f92cffe58065c58e44da4e4 HTTP/1.1\" 304 - \"http://localhost:4200/\" \"Mozilla/5.0 (Windows NT 10.0; Win64; x64) AppleWebKit/537.36 (KHTML, like Gecko) Chrome/86.0.4240.111 Safari/537.36\"\n","level":"info"}
{"message":"::1 - - [27/Oct/2020:14:25:36 +0000] \"GET /api/sauces/5f92cffe58065c58e44da4e4 HTTP/1.1\" 304 - \"http://localhost:4200/\" \"Mozilla/5.0 (Windows NT 10.0; Win64; x64) AppleWebKit/537.36 (KHTML, like Gecko) Chrome/86.0.4240.111 Safari/537.36\"\n","level":"info"}
{"message":"::1 - - [27/Oct/2020:14:26:07 +0000] \"OPTIONS /api/sauces/5f92cffe58065c58e44da4e4 HTTP/1.1\" 200 19 \"http://localhost:4200/\" \"Mozilla/5.0 (Windows NT 10.0; Win64; x64) AppleWebKit/537.36 (KHTML, like Gecko) Chrome/86.0.4240.111 Safari/537.36\"\n","level":"info"}
{"message":"::1 - - [27/Oct/2020:14:26:07 +0000] \"PUT /api/sauces/5f92cffe58065c58e44da4e4 HTTP/1.1\" 200 46 \"http://localhost:4200/\" \"Mozilla/5.0 (Windows NT 10.0; Win64; x64) AppleWebKit/537.36 (KHTML, like Gecko) Chrome/86.0.4240.111 Safari/537.36\"\n","level":"info"}
{"message":"::1 - - [27/Oct/2020:14:26:07 +0000] \"OPTIONS /api/sauces HTTP/1.1\" 200 13 \"http://localhost:4200/\" \"Mozilla/5.0 (Windows NT 10.0; Win64; x64) AppleWebKit/537.36 (KHTML, like Gecko) Chrome/86.0.4240.111 Safari/537.36\"\n","level":"info"}
{"message":"::1 - - [27/Oct/2020:14:26:07 +0000] \"GET /api/sauces HTTP/1.1\" 200 1278 \"http://localhost:4200/\" \"Mozilla/5.0 (Windows NT 10.0; Win64; x64) AppleWebKit/537.36 (KHTML, like Gecko) Chrome/86.0.4240.111 Safari/537.36\"\n","level":"info"}
{"message":"::1 - - [27/Oct/2020:14:26:07 +0000] \"GET /images/sauce-bbq-miel-epices-stubb-s.jpg1603457692260.jpg HTTP/1.1\" 304 - \"http://localhost:4200/\" \"Mozilla/5.0 (Windows NT 10.0; Win64; x64) AppleWebKit/537.36 (KHTML, like Gecko) Chrome/86.0.4240.111 Safari/537.36\"\n","level":"info"}
{"message":"::1 - - [27/Oct/2020:14:26:07 +0000] \"GET /images/25-500x341.jpg1603720475218.jpg HTTP/1.1\" 304 - \"http://localhost:4200/\" \"Mozilla/5.0 (Windows NT 10.0; Win64; x64) AppleWebKit/537.36 (KHTML, like Gecko) Chrome/86.0.4240.111 Safari/537.36\"\n","level":"info"}
{"message":"::1 - - [27/Oct/2020:14:26:14 +0000] \"OPTIONS /api/sauces/5f92cffe58065c58e44da4e4 HTTP/1.1\" 200 19 \"http://localhost:4200/\" \"Mozilla/5.0 (Windows NT 10.0; Win64; x64) AppleWebKit/537.36 (KHTML, like Gecko) Chrome/86.0.4240.111 Safari/537.36\"\n","level":"info"}
{"message":"::1 - - [27/Oct/2020:14:26:14 +0000] \"GET /api/sauces/5f92cffe58065c58e44da4e4 HTTP/1.1\" 200 484 \"http://localhost:4200/\" \"Mozilla/5.0 (Windows NT 10.0; Win64; x64) AppleWebKit/537.36 (KHTML, like Gecko) Chrome/86.0.4240.111 Safari/537.36\"\n","level":"info"}
{"message":"::1 - - [27/Oct/2020:14:26:16 +0000] \"GET /api/sauces/5f92cffe58065c58e44da4e4 HTTP/1.1\" 304 - \"http://localhost:4200/\" \"Mozilla/5.0 (Windows NT 10.0; Win64; x64) AppleWebKit/537.36 (KHTML, like Gecko) Chrome/86.0.4240.111 Safari/537.36\"\n","level":"info"}
{"message":"::1 - - [27/Oct/2020:14:26:44 +0000] \"OPTIONS /api/sauces/5f92cffe58065c58e44da4e4 HTTP/1.1\" 200 19 \"http://localhost:4200/\" \"Mozilla/5.0 (Windows NT 10.0; Win64; x64) AppleWebKit/537.36 (KHTML, like Gecko) Chrome/86.0.4240.111 Safari/537.36\"\n","level":"info"}
{"message":"::1 - - [27/Oct/2020:14:26:44 +0000] \"PUT /api/sauces/5f92cffe58065c58e44da4e4 HTTP/1.1\" 200 46 \"http://localhost:4200/\" \"Mozilla/5.0 (Windows NT 10.0; Win64; x64) AppleWebKit/537.36 (KHTML, like Gecko) Chrome/86.0.4240.111 Safari/537.36\"\n","level":"info"}
{"message":"::1 - - [27/Oct/2020:14:26:44 +0000] \"OPTIONS /api/sauces HTTP/1.1\" 200 13 \"http://localhost:4200/\" \"Mozilla/5.0 (Windows NT 10.0; Win64; x64) AppleWebKit/537.36 (KHTML, like Gecko) Chrome/86.0.4240.111 Safari/537.36\"\n","level":"info"}
{"message":"::1 - - [27/Oct/2020:14:26:44 +0000] \"GET /api/sauces HTTP/1.1\" 200 1282 \"http://localhost:4200/\" \"Mozilla/5.0 (Windows NT 10.0; Win64; x64) AppleWebKit/537.36 (KHTML, like Gecko) Chrome/86.0.4240.111 Safari/537.36\"\n","level":"info"}
{"message":"::1 - - [27/Oct/2020:14:26:44 +0000] \"GET /images/25-500x341.jpg1603720475218.jpg HTTP/1.1\" 304 - \"http://localhost:4200/\" \"Mozilla/5.0 (Windows NT 10.0; Win64; x64) AppleWebKit/537.36 (KHTML, like Gecko) Chrome/86.0.4240.111 Safari/537.36\"\n","level":"info"}
{"message":"::1 - - [27/Oct/2020:14:26:44 +0000] \"GET /images/sauce-bbq-miel-epices-stubb-s.jpg1603457692260.jpg HTTP/1.1\" 304 - \"http://localhost:4200/\" \"Mozilla/5.0 (Windows NT 10.0; Win64; x64) AppleWebKit/537.36 (KHTML, like Gecko) Chrome/86.0.4240.111 Safari/537.36\"\n","level":"info"}
{"message":"::1 - - [27/Oct/2020:14:26:45 +0000] \"GET /api/sauces/5f92cffe58065c58e44da4e4 HTTP/1.1\" 200 488 \"http://localhost:4200/\" \"Mozilla/5.0 (Windows NT 10.0; Win64; x64) AppleWebKit/537.36 (KHTML, like Gecko) Chrome/86.0.4240.111 Safari/537.36\"\n","level":"info"}
{"message":"::1 - - [27/Oct/2020:14:26:46 +0000] \"GET /api/sauces/5f92cffe58065c58e44da4e4 HTTP/1.1\" 304 - \"http://localhost:4200/\" \"Mozilla/5.0 (Windows NT 10.0; Win64; x64) AppleWebKit/537.36 (KHTML, like Gecko) Chrome/86.0.4240.111 Safari/537.36\"\n","level":"info"}
{"message":"::1 - - [27/Oct/2020:14:27:11 +0000] \"OPTIONS /api/sauces/5f92cffe58065c58e44da4e4 HTTP/1.1\" 200 19 \"http://localhost:4200/\" \"Mozilla/5.0 (Windows NT 10.0; Win64; x64) AppleWebKit/537.36 (KHTML, like Gecko) Chrome/86.0.4240.111 Safari/537.36\"\n","level":"info"}
{"message":"::1 - - [27/Oct/2020:14:27:11 +0000] \"PUT /api/sauces/5f92cffe58065c58e44da4e4 HTTP/1.1\" 400 58 \"http://localhost:4200/\" \"Mozilla/5.0 (Windows NT 10.0; Win64; x64) AppleWebKit/537.36 (KHTML, like Gecko) Chrome/86.0.4240.111 Safari/537.36\"\n","level":"info"}
{"message":"::1 - - [27/Oct/2020:14:27:56 +0000] \"OPTIONS /api/sauces/5f92cffe58065c58e44da4e4 HTTP/1.1\" 200 19 \"http://localhost:4200/\" \"Mozilla/5.0 (Windows NT 10.0; Win64; x64) AppleWebKit/537.36 (KHTML, like Gecko) Chrome/86.0.4240.111 Safari/537.36\"\n","level":"info"}
{"message":"::1 - - [27/Oct/2020:14:27:56 +0000] \"PUT /api/sauces/5f92cffe58065c58e44da4e4 HTTP/1.1\" 200 46 \"http://localhost:4200/\" \"Mozilla/5.0 (Windows NT 10.0; Win64; x64) AppleWebKit/537.36 (KHTML, like Gecko) Chrome/86.0.4240.111 Safari/537.36\"\n","level":"info"}
{"message":"::1 - - [27/Oct/2020:14:27:56 +0000] \"OPTIONS /api/sauces HTTP/1.1\" 200 13 \"http://localhost:4200/\" \"Mozilla/5.0 (Windows NT 10.0; Win64; x64) AppleWebKit/537.36 (KHTML, like Gecko) Chrome/86.0.4240.111 Safari/537.36\"\n","level":"info"}
{"message":"::1 - - [27/Oct/2020:14:27:56 +0000] \"GET /api/sauces HTTP/1.1\" 200 1274 \"http://localhost:4200/\" \"Mozilla/5.0 (Windows NT 10.0; Win64; x64) AppleWebKit/537.36 (KHTML, like Gecko) Chrome/86.0.4240.111 Safari/537.36\"\n","level":"info"}
{"message":"::1 - - [27/Oct/2020:14:27:56 +0000] \"GET /images/sauce-bbq-miel-epices-stubb-s.jpg1603457692260.jpg HTTP/1.1\" 304 - \"http://localhost:4200/\" \"Mozilla/5.0 (Windows NT 10.0; Win64; x64) AppleWebKit/537.36 (KHTML, like Gecko) Chrome/86.0.4240.111 Safari/537.36\"\n","level":"info"}
{"message":"::1 - - [27/Oct/2020:14:27:56 +0000] \"GET /images/25-500x341.jpg1603720475218.jpg HTTP/1.1\" 304 - \"http://localhost:4200/\" \"Mozilla/5.0 (Windows NT 10.0; Win64; x64) AppleWebKit/537.36 (KHTML, like Gecko) Chrome/86.0.4240.111 Safari/537.36\"\n","level":"info"}
{"message":"::1 - - [27/Oct/2020:14:32:22 +0000] \"OPTIONS /api/sauces/5f92cffe58065c58e44da4e4 HTTP/1.1\" 200 19 \"http://localhost:4200/\" \"Mozilla/5.0 (Windows NT 10.0; Win64; x64) AppleWebKit/537.36 (KHTML, like Gecko) Chrome/86.0.4240.111 Safari/537.36\"\n","level":"info"}
{"message":"::1 - - [27/Oct/2020:14:32:22 +0000] \"GET /api/sauces/5f92cffe58065c58e44da4e4 HTTP/1.1\" 200 480 \"http://localhost:4200/\" \"Mozilla/5.0 (Windows NT 10.0; Win64; x64) AppleWebKit/537.36 (KHTML, like Gecko) Chrome/86.0.4240.111 Safari/537.36\"\n","level":"info"}
{"message":"::1 - - [27/Oct/2020:14:32:34 +0000] \"OPTIONS /api/sauces/5f92cffe58065c58e44da4e4 HTTP/1.1\" 200 19 \"http://localhost:4200/\" \"Mozilla/5.0 (Windows NT 10.0; Win64; x64) AppleWebKit/537.36 (KHTML, like Gecko) Chrome/86.0.4240.111 Safari/537.36\"\n","level":"info"}
{"message":"::1 - - [27/Oct/2020:14:32:34 +0000] \"GET /api/sauces/5f92cffe58065c58e44da4e4 HTTP/1.1\" 304 - \"http://localhost:4200/\" \"Mozilla/5.0 (Windows NT 10.0; Win64; x64) AppleWebKit/537.36 (KHTML, like Gecko) Chrome/86.0.4240.111 Safari/537.36\"\n","level":"info"}
{"message":"::1 - - [27/Oct/2020:14:50:14 +0000] \"OPTIONS /api/sauces/5f92cffe58065c58e44da4e4 HTTP/1.1\" 200 19 \"http://localhost:4200/\" \"Mozilla/5.0 (Windows NT 10.0; Win64; x64) AppleWebKit/537.36 (KHTML, like Gecko) Chrome/86.0.4240.111 Safari/537.36\"\n","level":"info"}
{"message":"::1 - - [27/Oct/2020:14:50:14 +0000] \"PUT /api/sauces/5f92cffe58065c58e44da4e4 HTTP/1.1\" 400 56 \"http://localhost:4200/\" \"Mozilla/5.0 (Windows NT 10.0; Win64; x64) AppleWebKit/537.36 (KHTML, like Gecko) Chrome/86.0.4240.111 Safari/537.36\"\n","level":"info"}
{"message":"::1 - - [27/Oct/2020:15:06:21 +0000] \"OPTIONS /api/auth/login HTTP/1.1\" 200 4 \"http://localhost:4200/\" \"Mozilla/5.0 (Windows NT 10.0; Win64; x64) AppleWebKit/537.36 (KHTML, like Gecko) Chrome/86.0.4240.111 Safari/537.36\"\n","level":"info"}
{"message":"::1 - - [27/Oct/2020:15:06:21 +0000] \"POST /api/auth/login HTTP/1.1\" 200 224 \"http://localhost:4200/\" \"Mozilla/5.0 (Windows NT 10.0; Win64; x64) AppleWebKit/537.36 (KHTML, like Gecko) Chrome/86.0.4240.111 Safari/537.36\"\n","level":"info"}
{"message":"::1 - - [27/Oct/2020:15:06:21 +0000] \"OPTIONS /api/sauces HTTP/1.1\" 200 13 \"http://localhost:4200/\" \"Mozilla/5.0 (Windows NT 10.0; Win64; x64) AppleWebKit/537.36 (KHTML, like Gecko) Chrome/86.0.4240.111 Safari/537.36\"\n","level":"info"}
{"message":"::1 - - [27/Oct/2020:15:06:21 +0000] \"GET /api/sauces HTTP/1.1\" 304 - \"http://localhost:4200/\" \"Mozilla/5.0 (Windows NT 10.0; Win64; x64) AppleWebKit/537.36 (KHTML, like Gecko) Chrome/86.0.4240.111 Safari/537.36\"\n","level":"info"}
{"message":"::1 - - [27/Oct/2020:15:06:21 +0000] \"GET /images/sauce-piquante-blair-s-ultra-death-sauce.jpg1603457022713.jpg HTTP/1.1\" 304 - \"http://localhost:4200/\" \"Mozilla/5.0 (Windows NT 10.0; Win64; x64) AppleWebKit/537.36 (KHTML, like Gecko) Chrome/86.0.4240.111 Safari/537.36\"\n","level":"info"}
{"message":"::1 - - [27/Oct/2020:15:06:21 +0000] \"GET /images/sauce-bbq-miel-epices-stubb-s.jpg1603457692260.jpg HTTP/1.1\" 304 - \"http://localhost:4200/\" \"Mozilla/5.0 (Windows NT 10.0; Win64; x64) AppleWebKit/537.36 (KHTML, like Gecko) Chrome/86.0.4240.111 Safari/537.36\"\n","level":"info"}
{"message":"::1 - - [27/Oct/2020:15:06:21 +0000] \"GET /images/25-500x341.jpg1603720475218.jpg HTTP/1.1\" 304 - \"http://localhost:4200/\" \"Mozilla/5.0 (Windows NT 10.0; Win64; x64) AppleWebKit/537.36 (KHTML, like Gecko) Chrome/86.0.4240.111 Safari/537.36\"\n","level":"info"}
{"message":"::1 - - [27/Oct/2020:15:06:23 +0000] \"OPTIONS /api/sauces/5f92cffe58065c58e44da4e4 HTTP/1.1\" 200 19 \"http://localhost:4200/\" \"Mozilla/5.0 (Windows NT 10.0; Win64; x64) AppleWebKit/537.36 (KHTML, like Gecko) Chrome/86.0.4240.111 Safari/537.36\"\n","level":"info"}
{"message":"::1 - - [27/Oct/2020:15:06:23 +0000] \"GET /api/sauces/5f92cffe58065c58e44da4e4 HTTP/1.1\" 304 - \"http://localhost:4200/\" \"Mozilla/5.0 (Windows NT 10.0; Win64; x64) AppleWebKit/537.36 (KHTML, like Gecko) Chrome/86.0.4240.111 Safari/537.36\"\n","level":"info"}
{"message":"::1 - - [27/Oct/2020:15:06:25 +0000] \"GET /api/sauces/5f92cffe58065c58e44da4e4 HTTP/1.1\" 304 - \"http://localhost:4200/\" \"Mozilla/5.0 (Windows NT 10.0; Win64; x64) AppleWebKit/537.36 (KHTML, like Gecko) Chrome/86.0.4240.111 Safari/537.36\"\n","level":"info"}
{"message":"::1 - - [27/Oct/2020:15:06:29 +0000] \"OPTIONS /api/sauces/5f92cffe58065c58e44da4e4 HTTP/1.1\" 200 19 \"http://localhost:4200/\" \"Mozilla/5.0 (Windows NT 10.0; Win64; x64) AppleWebKit/537.36 (KHTML, like Gecko) Chrome/86.0.4240.111 Safari/537.36\"\n","level":"info"}
{"message":"::1 - - [27/Oct/2020:15:06:29 +0000] \"PUT /api/sauces/5f92cffe58065c58e44da4e4 HTTP/1.1\" 400 56 \"http://localhost:4200/\" \"Mozilla/5.0 (Windows NT 10.0; Win64; x64) AppleWebKit/537.36 (KHTML, like Gecko) Chrome/86.0.4240.111 Safari/537.36\"\n","level":"info"}
{"message":"::1 - - [28/Oct/2020:13:02:10 +0000] \"OPTIONS /api/auth/login HTTP/1.1\" 200 4 \"http://localhost:4200/\" \"Mozilla/5.0 (Windows NT 10.0; Win64; x64) AppleWebKit/537.36 (KHTML, like Gecko) Chrome/86.0.4240.111 Safari/537.36\"\n","level":"info"}
{"message":"::1 - - [28/Oct/2020:13:02:11 +0000] \"POST /api/auth/login HTTP/1.1\" 200 224 \"http://localhost:4200/\" \"Mozilla/5.0 (Windows NT 10.0; Win64; x64) AppleWebKit/537.36 (KHTML, like Gecko) Chrome/86.0.4240.111 Safari/537.36\"\n","level":"info"}
{"message":"::1 - - [28/Oct/2020:13:02:11 +0000] \"OPTIONS /api/sauces HTTP/1.1\" 200 13 \"http://localhost:4200/\" \"Mozilla/5.0 (Windows NT 10.0; Win64; x64) AppleWebKit/537.36 (KHTML, like Gecko) Chrome/86.0.4240.111 Safari/537.36\"\n","level":"info"}
{"message":"::1 - - [28/Oct/2020:13:02:11 +0000] \"GET /api/sauces HTTP/1.1\" 304 - \"http://localhost:4200/\" \"Mozilla/5.0 (Windows NT 10.0; Win64; x64) AppleWebKit/537.36 (KHTML, like Gecko) Chrome/86.0.4240.111 Safari/537.36\"\n","level":"info"}
{"message":"::1 - - [28/Oct/2020:13:02:11 +0000] \"GET /images/sauce-piquante-blair-s-ultra-death-sauce.jpg1603457022713.jpg HTTP/1.1\" 304 - \"http://localhost:4200/\" \"Mozilla/5.0 (Windows NT 10.0; Win64; x64) AppleWebKit/537.36 (KHTML, like Gecko) Chrome/86.0.4240.111 Safari/537.36\"\n","level":"info"}
{"message":"::1 - - [28/Oct/2020:13:02:11 +0000] \"GET /images/sauce-bbq-miel-epices-stubb-s.jpg1603457692260.jpg HTTP/1.1\" 304 - \"http://localhost:4200/\" \"Mozilla/5.0 (Windows NT 10.0; Win64; x64) AppleWebKit/537.36 (KHTML, like Gecko) Chrome/86.0.4240.111 Safari/537.36\"\n","level":"info"}
{"message":"::1 - - [28/Oct/2020:13:02:11 +0000] \"GET /images/25-500x341.jpg1603720475218.jpg HTTP/1.1\" 200 18551 \"http://localhost:4200/\" \"Mozilla/5.0 (Windows NT 10.0; Win64; x64) AppleWebKit/537.36 (KHTML, like Gecko) Chrome/86.0.4240.111 Safari/537.36\"\n","level":"info"}
{"message":"::1 - - [28/Oct/2020:13:02:23 +0000] \"OPTIONS /api/sauces/5f92cffe58065c58e44da4e4 HTTP/1.1\" 200 19 \"http://localhost:4200/\" \"Mozilla/5.0 (Windows NT 10.0; Win64; x64) AppleWebKit/537.36 (KHTML, like Gecko) Chrome/86.0.4240.111 Safari/537.36\"\n","level":"info"}
{"message":"::1 - - [28/Oct/2020:13:02:23 +0000] \"GET /api/sauces/5f92cffe58065c58e44da4e4 HTTP/1.1\" 200 480 \"http://localhost:4200/\" \"Mozilla/5.0 (Windows NT 10.0; Win64; x64) AppleWebKit/537.36 (KHTML, like Gecko) Chrome/86.0.4240.111 Safari/537.36\"\n","level":"info"}
{"message":"::1 - - [28/Oct/2020:13:02:25 +0000] \"GET /api/sauces/5f92cffe58065c58e44da4e4 HTTP/1.1\" 304 - \"http://localhost:4200/\" \"Mozilla/5.0 (Windows NT 10.0; Win64; x64) AppleWebKit/537.36 (KHTML, like Gecko) Chrome/86.0.4240.111 Safari/537.36\"\n","level":"info"}
{"message":"::1 - - [28/Oct/2020:13:02:34 +0000] \"OPTIONS /api/sauces/5f92cffe58065c58e44da4e4 HTTP/1.1\" 200 19 \"http://localhost:4200/\" \"Mozilla/5.0 (Windows NT 10.0; Win64; x64) AppleWebKit/537.36 (KHTML, like Gecko) Chrome/86.0.4240.111 Safari/537.36\"\n","level":"info"}
{"message":"::1 - - [28/Oct/2020:13:02:34 +0000] \"PUT /api/sauces/5f92cffe58065c58e44da4e4 HTTP/1.1\" 200 46 \"http://localhost:4200/\" \"Mozilla/5.0 (Windows NT 10.0; Win64; x64) AppleWebKit/537.36 (KHTML, like Gecko) Chrome/86.0.4240.111 Safari/537.36\"\n","level":"info"}
{"message":"::1 - - [28/Oct/2020:13:02:34 +0000] \"OPTIONS /api/sauces HTTP/1.1\" 200 13 \"http://localhost:4200/\" \"Mozilla/5.0 (Windows NT 10.0; Win64; x64) AppleWebKit/537.36 (KHTML, like Gecko) Chrome/86.0.4240.111 Safari/537.36\"\n","level":"info"}
{"message":"::1 - - [28/Oct/2020:13:02:34 +0000] \"GET /api/sauces HTTP/1.1\" 200 1274 \"http://localhost:4200/\" \"Mozilla/5.0 (Windows NT 10.0; Win64; x64) AppleWebKit/537.36 (KHTML, like Gecko) Chrome/86.0.4240.111 Safari/537.36\"\n","level":"info"}
{"message":"::1 - - [28/Oct/2020:13:02:34 +0000] \"GET /images/25-500x341.jpg1603720475218.jpg HTTP/1.1\" 304 - \"http://localhost:4200/\" \"Mozilla/5.0 (Windows NT 10.0; Win64; x64) AppleWebKit/537.36 (KHTML, like Gecko) Chrome/86.0.4240.111 Safari/537.36\"\n","level":"info"}
{"message":"::1 - - [28/Oct/2020:13:02:34 +0000] \"GET /images/sauce-bbq-miel-epices-stubb-s.jpg1603457692260.jpg HTTP/1.1\" 304 - \"http://localhost:4200/\" \"Mozilla/5.0 (Windows NT 10.0; Win64; x64) AppleWebKit/537.36 (KHTML, like Gecko) Chrome/86.0.4240.111 Safari/537.36\"\n","level":"info"}
{"message":"::1 - - [28/Oct/2020:13:02:38 +0000] \"OPTIONS /api/sauces/5f92d29c83cb9b2cec3fa42b HTTP/1.1\" 200 19 \"http://localhost:4200/\" \"Mozilla/5.0 (Windows NT 10.0; Win64; x64) AppleWebKit/537.36 (KHTML, like Gecko) Chrome/86.0.4240.111 Safari/537.36\"\n","level":"info"}
{"message":"::1 - - [28/Oct/2020:13:02:38 +0000] \"GET /api/sauces/5f92d29c83cb9b2cec3fa42b HTTP/1.1\" 200 407 \"http://localhost:4200/\" \"Mozilla/5.0 (Windows NT 10.0; Win64; x64) AppleWebKit/537.36 (KHTML, like Gecko) Chrome/86.0.4240.111 Safari/537.36\"\n","level":"info"}
{"message":"::1 - - [28/Oct/2020:13:02:39 +0000] \"OPTIONS /api/sauces/5f92d29c83cb9b2cec3fa42b/like HTTP/1.1\" 200 4 \"http://localhost:4200/\" \"Mozilla/5.0 (Windows NT 10.0; Win64; x64) AppleWebKit/537.36 (KHTML, like Gecko) Chrome/86.0.4240.111 Safari/537.36\"\n","level":"info"}
{"message":"::1 - - [28/Oct/2020:13:02:39 +0000] \"POST /api/sauces/5f92d29c83cb9b2cec3fa42b/like HTTP/1.1\" 200 48 \"http://localhost:4200/\" \"Mozilla/5.0 (Windows NT 10.0; Win64; x64) AppleWebKit/537.36 (KHTML, like Gecko) Chrome/86.0.4240.111 Safari/537.36\"\n","level":"info"}
{"message":"::1 - - [28/Oct/2020:13:02:42 +0000] \"POST /api/sauces/5f92d29c83cb9b2cec3fa42b/like HTTP/1.1\" 200 70 \"http://localhost:4200/\" \"Mozilla/5.0 (Windows NT 10.0; Win64; x64) AppleWebKit/537.36 (KHTML, like Gecko) Chrome/86.0.4240.111 Safari/537.36\"\n","level":"info"}
{"message":"::1 - - [28/Oct/2020:13:02:43 +0000] \"POST /api/sauces/5f92d29c83cb9b2cec3fa42b/like HTTP/1.1\" 200 44 \"http://localhost:4200/\" \"Mozilla/5.0 (Windows NT 10.0; Win64; x64) AppleWebKit/537.36 (KHTML, like Gecko) Chrome/86.0.4240.111 Safari/537.36\"\n","level":"info"}
{"message":"::1 - - [28/Oct/2020:13:02:44 +0000] \"POST /api/sauces/5f92d29c83cb9b2cec3fa42b/like HTTP/1.1\" 200 70 \"http://localhost:4200/\" \"Mozilla/5.0 (Windows NT 10.0; Win64; x64) AppleWebKit/537.36 (KHTML, like Gecko) Chrome/86.0.4240.111 Safari/537.36\"\n","level":"info"}
{"message":"::1 - - [28/Oct/2020:13:02:45 +0000] \"OPTIONS /api/sauces HTTP/1.1\" 200 13 \"http://localhost:4200/\" \"Mozilla/5.0 (Windows NT 10.0; Win64; x64) AppleWebKit/537.36 (KHTML, like Gecko) Chrome/86.0.4240.111 Safari/537.36\"\n","level":"info"}
{"message":"::1 - - [28/Oct/2020:13:02:45 +0000] \"GET /api/sauces HTTP/1.1\" 304 - \"http://localhost:4200/\" \"Mozilla/5.0 (Windows NT 10.0; Win64; x64) AppleWebKit/537.36 (KHTML, like Gecko) Chrome/86.0.4240.111 Safari/537.36\"\n","level":"info"}
{"message":"::1 - - [28/Oct/2020:13:03:21 +0000] \"OPTIONS /api/sauces/5f92cffe58065c58e44da4e4 HTTP/1.1\" 200 19 \"http://localhost:4200/\" \"Mozilla/5.0 (Windows NT 10.0; Win64; x64) AppleWebKit/537.36 (KHTML, like Gecko) Chrome/86.0.4240.111 Safari/537.36\"\n","level":"info"}
{"message":"::1 - - [28/Oct/2020:13:03:21 +0000] \"GET /api/sauces/5f92cffe58065c58e44da4e4 HTTP/1.1\" 200 480 \"http://localhost:4200/\" \"Mozilla/5.0 (Windows NT 10.0; Win64; x64) AppleWebKit/537.36 (KHTML, like Gecko) Chrome/86.0.4240.111 Safari/537.36\"\n","level":"info"}
{"message":"::1 - - [28/Oct/2020:13:03:23 +0000] \"OPTIONS /api/sauces HTTP/1.1\" 200 13 \"http://localhost:4200/\" \"Mozilla/5.0 (Windows NT 10.0; Win64; x64) AppleWebKit/537.36 (KHTML, like Gecko) Chrome/86.0.4240.111 Safari/537.36\"\n","level":"info"}
{"message":"::1 - - [28/Oct/2020:13:03:23 +0000] \"GET /api/sauces HTTP/1.1\" 304 - \"http://localhost:4200/\" \"Mozilla/5.0 (Windows NT 10.0; Win64; x64) AppleWebKit/537.36 (KHTML, like Gecko) Chrome/86.0.4240.111 Safari/537.36\"\n","level":"info"}
{"message":"::1 - - [28/Oct/2020:13:03:23 +0000] \"GET /images/sauce-bbq-miel-epices-stubb-s.jpg1603457692260.jpg HTTP/1.1\" 304 - \"http://localhost:4200/\" \"Mozilla/5.0 (Windows NT 10.0; Win64; x64) AppleWebKit/537.36 (KHTML, like Gecko) Chrome/86.0.4240.111 Safari/537.36\"\n","level":"info"}
{"message":"::1 - - [28/Oct/2020:13:03:23 +0000] \"GET /images/25-500x341.jpg1603720475218.jpg HTTP/1.1\" 304 - \"http://localhost:4200/\" \"Mozilla/5.0 (Windows NT 10.0; Win64; x64) AppleWebKit/537.36 (KHTML, like Gecko) Chrome/86.0.4240.111 Safari/537.36\"\n","level":"info"}
{"message":"::1 - - [28/Oct/2020:13:03:24 +0000] \"OPTIONS /api/sauces/5f96d51ba3c57b195001d189 HTTP/1.1\" 200 19 \"http://localhost:4200/\" \"Mozilla/5.0 (Windows NT 10.0; Win64; x64) AppleWebKit/537.36 (KHTML, like Gecko) Chrome/86.0.4240.111 Safari/537.36\"\n","level":"info"}
{"message":"::1 - - [28/Oct/2020:13:03:24 +0000] \"GET /api/sauces/5f96d51ba3c57b195001d189 HTTP/1.1\" 200 383 \"http://localhost:4200/\" \"Mozilla/5.0 (Windows NT 10.0; Win64; x64) AppleWebKit/537.36 (KHTML, like Gecko) Chrome/86.0.4240.111 Safari/537.36\"\n","level":"info"}
{"message":"::1 - - [28/Oct/2020:13:03:27 +0000] \"OPTIONS /api/sauces/5f96d51ba3c57b195001d189/like HTTP/1.1\" 200 4 \"http://localhost:4200/\" \"Mozilla/5.0 (Windows NT 10.0; Win64; x64) AppleWebKit/537.36 (KHTML, like Gecko) Chrome/86.0.4240.111 Safari/537.36\"\n","level":"info"}
{"message":"::1 - - [28/Oct/2020:13:03:27 +0000] \"POST /api/sauces/5f96d51ba3c57b195001d189/like HTTP/1.1\" 200 67 \"http://localhost:4200/\" \"Mozilla/5.0 (Windows NT 10.0; Win64; x64) AppleWebKit/537.36 (KHTML, like Gecko) Chrome/86.0.4240.111 Safari/537.36\"\n","level":"info"}
{"message":"::1 - - [28/Oct/2020:13:03:28 +0000] \"POST /api/sauces/5f96d51ba3c57b195001d189/like HTTP/1.1\" 200 41 \"http://localhost:4200/\" \"Mozilla/5.0 (Windows NT 10.0; Win64; x64) AppleWebKit/537.36 (KHTML, like Gecko) Chrome/86.0.4240.111 Safari/537.36\"\n","level":"info"}
{"message":"::1 - - [28/Oct/2020:13:03:29 +0000] \"OPTIONS /api/sauces HTTP/1.1\" 200 13 \"http://localhost:4200/\" \"Mozilla/5.0 (Windows NT 10.0; Win64; x64) AppleWebKit/537.36 (KHTML, like Gecko) Chrome/86.0.4240.111 Safari/537.36\"\n","level":"info"}
{"message":"::1 - - [28/Oct/2020:13:03:29 +0000] \"GET /api/sauces HTTP/1.1\" 304 - \"http://localhost:4200/\" \"Mozilla/5.0 (Windows NT 10.0; Win64; x64) AppleWebKit/537.36 (KHTML, like Gecko) Chrome/86.0.4240.111 Safari/537.36\"\n","level":"info"}
{"message":"::1 - - [28/Oct/2020:13:16:04 +0000] \"OPTIONS /api/sauces/5f92d29c83cb9b2cec3fa42b HTTP/1.1\" 200 19 \"http://localhost:4200/\" \"Mozilla/5.0 (Windows NT 10.0; Win64; x64) AppleWebKit/537.36 (KHTML, like Gecko) Chrome/86.0.4240.111 Safari/537.36\"\n","level":"info"}
{"message":"::1 - - [28/Oct/2020:13:16:04 +0000] \"GET /api/sauces/5f92d29c83cb9b2cec3fa42b HTTP/1.1\" 304 - \"http://localhost:4200/\" \"Mozilla/5.0 (Windows NT 10.0; Win64; x64) AppleWebKit/537.36 (KHTML, like Gecko) Chrome/86.0.4240.111 Safari/537.36\"\n","level":"info"}
{"message":"::1 - - [28/Oct/2020:13:19:12 +0000] \"OPTIONS /api/sauces HTTP/1.1\" 200 13 \"http://localhost:4200/\" \"Mozilla/5.0 (Windows NT 10.0; Win64; x64) AppleWebKit/537.36 (KHTML, like Gecko) Chrome/86.0.4240.111 Safari/537.36\"\n","level":"info"}
{"message":"::1 - - [28/Oct/2020:13:19:12 +0000] \"GET /api/sauces HTTP/1.1\" 304 - \"http://localhost:4200/\" \"Mozilla/5.0 (Windows NT 10.0; Win64; x64) AppleWebKit/537.36 (KHTML, like Gecko) Chrome/86.0.4240.111 Safari/537.36\"\n","level":"info"}
{"message":"::1 - - [28/Oct/2020:14:25:40 +0000] \"OPTIONS /api/auth/signup HTTP/1.1\" 200 4 \"http://localhost:4200/\" \"Mozilla/5.0 (Windows NT 10.0; Win64; x64) AppleWebKit/537.36 (KHTML, like Gecko) Chrome/86.0.4240.111 Safari/537.36\"\n","level":"info"}
{"message":"::1 - - [28/Oct/2020:14:25:40 +0000] \"POST /api/auth/signup HTTP/1.1\" 400 186 \"http://localhost:4200/\" \"Mozilla/5.0 (Windows NT 10.0; Win64; x64) AppleWebKit/537.36 (KHTML, like Gecko) Chrome/86.0.4240.111 Safari/537.36\"\n","level":"info"}
{"message":"::1 - - [30/Oct/2020:12:13:18 +0000] \"OPTIONS /api/auth/signup HTTP/1.1\" 200 4 \"http://localhost:4200/\" \"Mozilla/5.0 (Windows NT 10.0; Win64; x64) AppleWebKit/537.36 (KHTML, like Gecko) Chrome/86.0.4240.111 Safari/537.36\"\n","level":"info"}
{"message":"::1 - - [30/Oct/2020:12:13:18 +0000] \"POST /api/auth/signup HTTP/1.1\" 201 52 \"http://localhost:4200/\" \"Mozilla/5.0 (Windows NT 10.0; Win64; x64) AppleWebKit/537.36 (KHTML, like Gecko) Chrome/86.0.4240.111 Safari/537.36\"\n","level":"info"}
{"message":"::1 - - [30/Oct/2020:12:13:18 +0000] \"OPTIONS /api/auth/login HTTP/1.1\" 200 4 \"http://localhost:4200/\" \"Mozilla/5.0 (Windows NT 10.0; Win64; x64) AppleWebKit/537.36 (KHTML, like Gecko) Chrome/86.0.4240.111 Safari/537.36\"\n","level":"info"}
{"message":"::1 - - [30/Oct/2020:12:13:18 +0000] \"POST /api/auth/login HTTP/1.1\" 200 224 \"http://localhost:4200/\" \"Mozilla/5.0 (Windows NT 10.0; Win64; x64) AppleWebKit/537.36 (KHTML, like Gecko) Chrome/86.0.4240.111 Safari/537.36\"\n","level":"info"}
{"message":"::1 - - [30/Oct/2020:12:13:18 +0000] \"OPTIONS /api/sauces HTTP/1.1\" 200 13 \"http://localhost:4200/\" \"Mozilla/5.0 (Windows NT 10.0; Win64; x64) AppleWebKit/537.36 (KHTML, like Gecko) Chrome/86.0.4240.111 Safari/537.36\"\n","level":"info"}
{"message":"::1 - - [30/Oct/2020:12:13:18 +0000] \"GET /api/sauces HTTP/1.1\" 304 - \"http://localhost:4200/\" \"Mozilla/5.0 (Windows NT 10.0; Win64; x64) AppleWebKit/537.36 (KHTML, like Gecko) Chrome/86.0.4240.111 Safari/537.36\"\n","level":"info"}
{"message":"::1 - - [30/Oct/2020:12:13:18 +0000] \"GET /images/sauce-piquante-blair-s-ultra-death-sauce.jpg1603457022713.jpg HTTP/1.1\" 304 - \"http://localhost:4200/\" \"Mozilla/5.0 (Windows NT 10.0; Win64; x64) AppleWebKit/537.36 (KHTML, like Gecko) Chrome/86.0.4240.111 Safari/537.36\"\n","level":"info"}
{"message":"::1 - - [30/Oct/2020:12:13:18 +0000] \"GET /images/sauce-bbq-miel-epices-stubb-s.jpg1603457692260.jpg HTTP/1.1\" 304 - \"http://localhost:4200/\" \"Mozilla/5.0 (Windows NT 10.0; Win64; x64) AppleWebKit/537.36 (KHTML, like Gecko) Chrome/86.0.4240.111 Safari/537.36\"\n","level":"info"}
{"message":"::1 - - [30/Oct/2020:12:13:18 +0000] \"GET /images/25-500x341.jpg1603720475218.jpg HTTP/1.1\" 200 18551 \"http://localhost:4200/\" \"Mozilla/5.0 (Windows NT 10.0; Win64; x64) AppleWebKit/537.36 (KHTML, like Gecko) Chrome/86.0.4240.111 Safari/537.36\"\n","level":"info"}
{"message":"::1 - - [30/Oct/2020:12:13:34 +0000] \"OPTIONS /api/sauces/5f92cffe58065c58e44da4e4 HTTP/1.1\" 200 19 \"http://localhost:4200/\" \"Mozilla/5.0 (Windows NT 10.0; Win64; x64) AppleWebKit/537.36 (KHTML, like Gecko) Chrome/86.0.4240.111 Safari/537.36\"\n","level":"info"}
{"message":"::1 - - [30/Oct/2020:12:13:34 +0000] \"GET /api/sauces/5f92cffe58065c58e44da4e4 HTTP/1.1\" 200 480 \"http://localhost:4200/\" \"Mozilla/5.0 (Windows NT 10.0; Win64; x64) AppleWebKit/537.36 (KHTML, like Gecko) Chrome/86.0.4240.111 Safari/537.36\"\n","level":"info"}
{"message":"::1 - - [30/Oct/2020:12:13:36 +0000] \"OPTIONS /api/sauces HTTP/1.1\" 200 13 \"http://localhost:4200/\" \"Mozilla/5.0 (Windows NT 10.0; Win64; x64) AppleWebKit/537.36 (KHTML, like Gecko) Chrome/86.0.4240.111 Safari/537.36\"\n","level":"info"}
{"message":"::1 - - [30/Oct/2020:12:13:36 +0000] \"GET /api/sauces HTTP/1.1\" 304 - \"http://localhost:4200/\" \"Mozilla/5.0 (Windows NT 10.0; Win64; x64) AppleWebKit/537.36 (KHTML, like Gecko) Chrome/86.0.4240.111 Safari/537.36\"\n","level":"info"}
{"message":"::1 - - [30/Oct/2020:12:13:37 +0000] \"OPTIONS /api/sauces/5f92d29c83cb9b2cec3fa42b HTTP/1.1\" 200 19 \"http://localhost:4200/\" \"Mozilla/5.0 (Windows NT 10.0; Win64; x64) AppleWebKit/537.36 (KHTML, like Gecko) Chrome/86.0.4240.111 Safari/537.36\"\n","level":"info"}
{"message":"::1 - - [30/Oct/2020:12:13:37 +0000] \"GET /api/sauces/5f92d29c83cb9b2cec3fa42b HTTP/1.1\" 200 407 \"http://localhost:4200/\" \"Mozilla/5.0 (Windows NT 10.0; Win64; x64) AppleWebKit/537.36 (KHTML, like Gecko) Chrome/86.0.4240.111 Safari/537.36\"\n","level":"info"}
{"message":"::1 - - [30/Oct/2020:12:13:38 +0000] \"GET /api/sauces HTTP/1.1\" 304 - \"http://localhost:4200/\" \"Mozilla/5.0 (Windows NT 10.0; Win64; x64) AppleWebKit/537.36 (KHTML, like Gecko) Chrome/86.0.4240.111 Safari/537.36\"\n","level":"info"}
{"message":"::1 - - [30/Oct/2020:12:13:38 +0000] \"OPTIONS /api/sauces/5f96d51ba3c57b195001d189 HTTP/1.1\" 200 19 \"http://localhost:4200/\" \"Mozilla/5.0 (Windows NT 10.0; Win64; x64) AppleWebKit/537.36 (KHTML, like Gecko) Chrome/86.0.4240.111 Safari/537.36\"\n","level":"info"}
{"message":"::1 - - [30/Oct/2020:12:13:38 +0000] \"GET /api/sauces/5f96d51ba3c57b195001d189 HTTP/1.1\" 200 383 \"http://localhost:4200/\" \"Mozilla/5.0 (Windows NT 10.0; Win64; x64) AppleWebKit/537.36 (KHTML, like Gecko) Chrome/86.0.4240.111 Safari/537.36\"\n","level":"info"}
{"message":"::1 - - [30/Oct/2020:12:13:39 +0000] \"GET /api/sauces HTTP/1.1\" 304 - \"http://localhost:4200/\" \"Mozilla/5.0 (Windows NT 10.0; Win64; x64) AppleWebKit/537.36 (KHTML, like Gecko) Chrome/86.0.4240.111 Safari/537.36\"\n","level":"info"}
{"message":"::1 - - [30/Oct/2020:12:14:14 +0000] \"OPTIONS /api/sauces HTTP/1.1\" 200 13 \"http://localhost:4200/\" \"Mozilla/5.0 (Windows NT 10.0; Win64; x64) AppleWebKit/537.36 (KHTML, like Gecko) Chrome/86.0.4240.111 Safari/537.36\"\n","level":"info"}
{"message":"::1 - - [30/Oct/2020:12:14:14 +0000] \"POST /api/sauces HTTP/1.1\" 201 52 \"http://localhost:4200/\" \"Mozilla/5.0 (Windows NT 10.0; Win64; x64) AppleWebKit/537.36 (KHTML, like Gecko) Chrome/86.0.4240.111 Safari/537.36\"\n","level":"info"}
{"message":"::1 - - [30/Oct/2020:12:14:14 +0000] \"GET /api/sauces HTTP/1.1\" 200 1621 \"http://localhost:4200/\" \"Mozilla/5.0 (Windows NT 10.0; Win64; x64) AppleWebKit/537.36 (KHTML, like Gecko) Chrome/86.0.4240.111 Safari/537.36\"\n","level":"info"}
{"message":"::1 - - [30/Oct/2020:12:14:15 +0000] \"GET /images/sauce-piquante-blair-s-ultra-death-sauce.jpg1603457022713.jpg HTTP/1.1\" 304 - \"http://localhost:4200/\" \"Mozilla/5.0 (Windows NT 10.0; Win64; x64) AppleWebKit/537.36 (KHTML, like Gecko) Chrome/86.0.4240.111 Safari/537.36\"\n","level":"info"}
{"message":"::1 - - [30/Oct/2020:12:14:15 +0000] \"GET /images/sauce-bbq-miel-epices-stubb-s.jpg1603457692260.jpg HTTP/1.1\" 304 - \"http://localhost:4200/\" \"Mozilla/5.0 (Windows NT 10.0; Win64; x64) AppleWebKit/537.36 (KHTML, like Gecko) Chrome/86.0.4240.111 Safari/537.36\"\n","level":"info"}
{"message":"::1 - - [30/Oct/2020:12:14:15 +0000] \"GET /images/25-500x341.jpg1603720475218.jpg HTTP/1.1\" 304 - \"http://localhost:4200/\" \"Mozilla/5.0 (Windows NT 10.0; Win64; x64) AppleWebKit/537.36 (KHTML, like Gecko) Chrome/86.0.4240.111 Safari/537.36\"\n","level":"info"}
{"message":"::1 - - [30/Oct/2020:12:14:15 +0000] \"GET /images/sauce-bbq-miel-epices-stubb-s.jpg1604060054880.jpg HTTP/1.1\" 200 47619 \"http://localhost:4200/\" \"Mozilla/5.0 (Windows NT 10.0; Win64; x64) AppleWebKit/537.36 (KHTML, like Gecko) Chrome/86.0.4240.111 Safari/537.36\"\n","level":"info"}
{"message":"::1 - - [30/Oct/2020:12:14:21 +0000] \"OPTIONS /api/sauces/5f9c0396dd170f2cdc9dd017 HTTP/1.1\" 200 19 \"http://localhost:4200/\" \"Mozilla/5.0 (Windows NT 10.0; Win64; x64) AppleWebKit/537.36 (KHTML, like Gecko) Chrome/86.0.4240.111 Safari/537.36\"\n","level":"info"}
{"message":"::1 - - [30/Oct/2020:12:14:21 +0000] \"GET /api/sauces/5f9c0396dd170f2cdc9dd017 HTTP/1.1\" 200 346 \"http://localhost:4200/\" \"Mozilla/5.0 (Windows NT 10.0; Win64; x64) AppleWebKit/537.36 (KHTML, like Gecko) Chrome/86.0.4240.111 Safari/537.36\"\n","level":"info"}
{"message":"::1 - - [30/Oct/2020:12:14:26 +0000] \"OPTIONS /api/sauces/5f9c0396dd170f2cdc9dd017 HTTP/1.1\" 200 19 \"http://localhost:4200/\" \"Mozilla/5.0 (Windows NT 10.0; Win64; x64) AppleWebKit/537.36 (KHTML, like Gecko) Chrome/86.0.4240.111 Safari/537.36\"\n","level":"info"}
{"message":"::1 - - [30/Oct/2020:12:14:26 +0000] \"GET /api/sauces/5f9c0396dd170f2cdc9dd017 HTTP/1.1\" 304 - \"http://localhost:4200/\" \"Mozilla/5.0 (Windows NT 10.0; Win64; x64) AppleWebKit/537.36 (KHTML, like Gecko) Chrome/86.0.4240.111 Safari/537.36\"\n","level":"info"}
{"message":"::1 - - [30/Oct/2020:12:14:28 +0000] \"PUT /api/sauces/5f9c0396dd170f2cdc9dd017 HTTP/1.1\" 200 46 \"http://localhost:4200/\" \"Mozilla/5.0 (Windows NT 10.0; Win64; x64) AppleWebKit/537.36 (KHTML, like Gecko) Chrome/86.0.4240.111 Safari/537.36\"\n","level":"info"}
{"message":"::1 - - [30/Oct/2020:12:14:28 +0000] \"OPTIONS /api/sauces HTTP/1.1\" 200 13 \"http://localhost:4200/\" \"Mozilla/5.0 (Windows NT 10.0; Win64; x64) AppleWebKit/537.36 (KHTML, like Gecko) Chrome/86.0.4240.111 Safari/537.36\"\n","level":"info"}
{"message":"::1 - - [30/Oct/2020:12:14:28 +0000] \"GET /api/sauces HTTP/1.1\" 304 - \"http://localhost:4200/\" \"Mozilla/5.0 (Windows NT 10.0; Win64; x64) AppleWebKit/537.36 (KHTML, like Gecko) Chrome/86.0.4240.111 Safari/537.36\"\n","level":"info"}
{"message":"::1 - - [30/Oct/2020:12:14:28 +0000] \"GET /images/sauce-bbq-miel-epices-stubb-s.jpg1603457692260.jpg HTTP/1.1\" 304 - \"http://localhost:4200/\" \"Mozilla/5.0 (Windows NT 10.0; Win64; x64) AppleWebKit/537.36 (KHTML, like Gecko) Chrome/86.0.4240.111 Safari/537.36\"\n","level":"info"}
{"message":"::1 - - [30/Oct/2020:12:14:28 +0000] \"GET /images/25-500x341.jpg1603720475218.jpg HTTP/1.1\" 304 - \"http://localhost:4200/\" \"Mozilla/5.0 (Windows NT 10.0; Win64; x64) AppleWebKit/537.36 (KHTML, like Gecko) Chrome/86.0.4240.111 Safari/537.36\"\n","level":"info"}
{"message":"::1 - - [30/Oct/2020:12:14:28 +0000] \"GET /images/sauce-piquante-blair-s-ultra-death-sauce.jpg1603457022713.jpg HTTP/1.1\" 304 - \"http://localhost:4200/\" \"Mozilla/5.0 (Windows NT 10.0; Win64; x64) AppleWebKit/537.36 (KHTML, like Gecko) Chrome/86.0.4240.111 Safari/537.36\"\n","level":"info"}
{"message":"::1 - - [30/Oct/2020:12:14:28 +0000] \"GET /api/sauces/5f9c0396dd170f2cdc9dd017 HTTP/1.1\" 200 346 \"http://localhost:4200/\" \"Mozilla/5.0 (Windows NT 10.0; Win64; x64) AppleWebKit/537.36 (KHTML, like Gecko) Chrome/86.0.4240.111 Safari/537.36\"\n","level":"info"}
{"message":"::1 - - [30/Oct/2020:12:14:30 +0000] \"DELETE /api/sauces/5f9c0396dd170f2cdc9dd017 HTTP/1.1\" 200 48 \"http://localhost:4200/\" \"Mozilla/5.0 (Windows NT 10.0; Win64; x64) AppleWebKit/537.36 (KHTML, like Gecko) Chrome/86.0.4240.111 Safari/537.36\"\n","level":"info"}
{"message":"::1 - - [30/Oct/2020:12:14:30 +0000] \"GET /api/sauces HTTP/1.1\" 200 1274 \"http://localhost:4200/\" \"Mozilla/5.0 (Windows NT 10.0; Win64; x64) AppleWebKit/537.36 (KHTML, like Gecko) Chrome/86.0.4240.111 Safari/537.36\"\n","level":"info"}
{"message":"::1 - - [30/Oct/2020:12:14:34 +0000] \"OPTIONS /api/sauces/5f92d29c83cb9b2cec3fa42b HTTP/1.1\" 200 19 \"http://localhost:4200/\" \"Mozilla/5.0 (Windows NT 10.0; Win64; x64) AppleWebKit/537.36 (KHTML, like Gecko) Chrome/86.0.4240.111 Safari/537.36\"\n","level":"info"}
{"message":"::1 - - [30/Oct/2020:12:14:34 +0000] \"GET /api/sauces/5f92d29c83cb9b2cec3fa42b HTTP/1.1\" 304 - \"http://localhost:4200/\" \"Mozilla/5.0 (Windows NT 10.0; Win64; x64) AppleWebKit/537.36 (KHTML, like Gecko) Chrome/86.0.4240.111 Safari/537.36\"\n","level":"info"}
{"message":"::1 - - [30/Oct/2020:12:14:34 +0000] \"OPTIONS /api/sauces/5f92d29c83cb9b2cec3fa42b/like HTTP/1.1\" 200 4 \"http://localhost:4200/\" \"Mozilla/5.0 (Windows NT 10.0; Win64; x64) AppleWebKit/537.36 (KHTML, like Gecko) Chrome/86.0.4240.111 Safari/537.36\"\n","level":"info"}
{"message":"::1 - - [30/Oct/2020:12:14:35 +0000] \"POST /api/sauces/5f92d29c83cb9b2cec3fa42b/like HTTP/1.1\" 200 44 \"http://localhost:4200/\" \"Mozilla/5.0 (Windows NT 10.0; Win64; x64) AppleWebKit/537.36 (KHTML, like Gecko) Chrome/86.0.4240.111 Safari/537.36\"\n","level":"info"}
{"message":"::1 - - [30/Oct/2020:12:14:36 +0000] \"POST /api/sauces/5f92d29c83cb9b2cec3fa42b/like HTTP/1.1\" 200 70 \"http://localhost:4200/\" \"Mozilla/5.0 (Windows NT 10.0; Win64; x64) AppleWebKit/537.36 (KHTML, like Gecko) Chrome/86.0.4240.111 Safari/537.36\"\n","level":"info"}
{"message":"::1 - - [30/Oct/2020:12:14:37 +0000] \"OPTIONS /api/sauces HTTP/1.1\" 200 13 \"http://localhost:4200/\" \"Mozilla/5.0 (Windows NT 10.0; Win64; x64) AppleWebKit/537.36 (KHTML, like Gecko) Chrome/86.0.4240.111 Safari/537.36\"\n","level":"info"}
{"message":"::1 - - [30/Oct/2020:12:14:37 +0000] \"GET /api/sauces HTTP/1.1\" 304 - \"http://localhost:4200/\" \"Mozilla/5.0 (Windows NT 10.0; Win64; x64) AppleWebKit/537.36 (KHTML, like Gecko) Chrome/86.0.4240.111 Safari/537.36\"\n","level":"info"}
{"message":"::1 - - [30/Oct/2020:12:14:37 +0000] \"GET /images/sauce-piquante-blair-s-ultra-death-sauce.jpg1603457022713.jpg HTTP/1.1\" 304 - \"http://localhost:4200/\" \"Mozilla/5.0 (Windows NT 10.0; Win64; x64) AppleWebKit/537.36 (KHTML, like Gecko) Chrome/86.0.4240.111 Safari/537.36\"\n","level":"info"}
{"message":"::1 - - [30/Oct/2020:12:14:37 +0000] \"GET /images/25-500x341.jpg1603720475218.jpg HTTP/1.1\" 304 - \"http://localhost:4200/\" \"Mozilla/5.0 (Windows NT 10.0; Win64; x64) AppleWebKit/537.36 (KHTML, like Gecko) Chrome/86.0.4240.111 Safari/537.36\"\n","level":"info"}
{"message":"::1 - - [30/Oct/2020:12:14:37 +0000] \"OPTIONS /api/sauces/5f92cffe58065c58e44da4e4 HTTP/1.1\" 200 19 \"http://localhost:4200/\" \"Mozilla/5.0 (Windows NT 10.0; Win64; x64) AppleWebKit/537.36 (KHTML, like Gecko) Chrome/86.0.4240.111 Safari/537.36\"\n","level":"info"}
{"message":"::1 - - [30/Oct/2020:12:14:37 +0000] \"GET /api/sauces/5f92cffe58065c58e44da4e4 HTTP/1.1\" 304 - \"http://localhost:4200/\" \"Mozilla/5.0 (Windows NT 10.0; Win64; x64) AppleWebKit/537.36 (KHTML, like Gecko) Chrome/86.0.4240.111 Safari/537.36\"\n","level":"info"}
{"message":"::1 - - [30/Oct/2020:12:14:38 +0000] \"OPTIONS /api/sauces/5f92cffe58065c58e44da4e4/like HTTP/1.1\" 200 4 \"http://localhost:4200/\" \"Mozilla/5.0 (Windows NT 10.0; Win64; x64) AppleWebKit/537.36 (KHTML, like Gecko) Chrome/86.0.4240.111 Safari/537.36\"\n","level":"info"}
{"message":"::1 - - [30/Oct/2020:12:14:38 +0000] \"POST /api/sauces/5f92cffe58065c58e44da4e4/like HTTP/1.1\" 200 50 \"http://localhost:4200/\" \"Mozilla/5.0 (Windows NT 10.0; Win64; x64) AppleWebKit/537.36 (KHTML, like Gecko) Chrome/86.0.4240.111 Safari/537.36\"\n","level":"info"}
{"message":"::1 - - [30/Oct/2020:12:14:39 +0000] \"GET /api/sauces HTTP/1.1\" 200 1301 \"http://localhost:4200/\" \"Mozilla/5.0 (Windows NT 10.0; Win64; x64) AppleWebKit/537.36 (KHTML, like Gecko) Chrome/86.0.4240.111 Safari/537.36\"\n","level":"info"}
{"message":"::1 - - [30/Oct/2020:15:06:04 +0000] \"OPTIONS /api/auth/login HTTP/1.1\" 200 4 \"http://localhost:4200/\" \"Mozilla/5.0 (Windows NT 10.0; Win64; x64) AppleWebKit/537.36 (KHTML, like Gecko) Chrome/86.0.4240.111 Safari/537.36\"\n","level":"info"}
{"message":"::1 - - [30/Oct/2020:15:06:04 +0000] \"POST /api/auth/login HTTP/1.1\" 200 224 \"http://localhost:4200/\" \"Mozilla/5.0 (Windows NT 10.0; Win64; x64) AppleWebKit/537.36 (KHTML, like Gecko) Chrome/86.0.4240.111 Safari/537.36\"\n","level":"info"}
{"message":"::1 - - [30/Oct/2020:15:06:04 +0000] \"OPTIONS /api/sauces HTTP/1.1\" 200 13 \"http://localhost:4200/\" \"Mozilla/5.0 (Windows NT 10.0; Win64; x64) AppleWebKit/537.36 (KHTML, like Gecko) Chrome/86.0.4240.111 Safari/537.36\"\n","level":"info"}
{"message":"::1 - - [30/Oct/2020:15:06:04 +0000] \"GET /api/sauces HTTP/1.1\" 401 12 \"http://localhost:4200/\" \"Mozilla/5.0 (Windows NT 10.0; Win64; x64) AppleWebKit/537.36 (KHTML, like Gecko) Chrome/86.0.4240.111 Safari/537.36\"\n","level":"info"}
{"message":"::1 - - [30/Oct/2020:15:08:29 +0000] \"OPTIONS /api/auth/login HTTP/1.1\" 200 4 \"http://localhost:4200/\" \"Mozilla/5.0 (Windows NT 10.0; Win64; x64) AppleWebKit/537.36 (KHTML, like Gecko) Chrome/86.0.4240.111 Safari/537.36\"\n","level":"info"}
{"message":"::1 - - [30/Oct/2020:15:08:29 +0000] \"POST /api/auth/login HTTP/1.1\" 200 224 \"http://localhost:4200/\" \"Mozilla/5.0 (Windows NT 10.0; Win64; x64) AppleWebKit/537.36 (KHTML, like Gecko) Chrome/86.0.4240.111 Safari/537.36\"\n","level":"info"}
{"message":"::1 - - [30/Oct/2020:15:08:29 +0000] \"OPTIONS /api/sauces HTTP/1.1\" 200 13 \"http://localhost:4200/\" \"Mozilla/5.0 (Windows NT 10.0; Win64; x64) AppleWebKit/537.36 (KHTML, like Gecko) Chrome/86.0.4240.111 Safari/537.36\"\n","level":"info"}
{"message":"::1 - - [30/Oct/2020:15:08:29 +0000] \"GET /api/sauces HTTP/1.1\" 304 - \"http://localhost:4200/\" \"Mozilla/5.0 (Windows NT 10.0; Win64; x64) AppleWebKit/537.36 (KHTML, like Gecko) Chrome/86.0.4240.111 Safari/537.36\"\n","level":"info"}
{"message":"::1 - - [30/Oct/2020:15:08:29 +0000] \"GET /images/sauce-piquante-blair-s-ultra-death-sauce.jpg1603457022713.jpg HTTP/1.1\" 304 - \"http://localhost:4200/\" \"Mozilla/5.0 (Windows NT 10.0; Win64; x64) AppleWebKit/537.36 (KHTML, like Gecko) Chrome/86.0.4240.111 Safari/537.36\"\n","level":"info"}
{"message":"::1 - - [30/Oct/2020:15:08:29 +0000] \"GET /images/25-500x341.jpg1603720475218.jpg HTTP/1.1\" 304 - \"http://localhost:4200/\" \"Mozilla/5.0 (Windows NT 10.0; Win64; x64) AppleWebKit/537.36 (KHTML, like Gecko) Chrome/86.0.4240.111 Safari/537.36\"\n","level":"info"}
{"message":"::1 - - [30/Oct/2020:15:08:29 +0000] \"GET /images/sauce-bbq-miel-epices-stubb-s.jpg1603457692260.jpg HTTP/1.1\" 304 - \"http://localhost:4200/\" \"Mozilla/5.0 (Windows NT 10.0; Win64; x64) AppleWebKit/537.36 (KHTML, like Gecko) Chrome/86.0.4240.111 Safari/537.36\"\n","level":"info"}
{"message":"::1 - - [30/Oct/2020:15:08:30 +0000] \"OPTIONS /api/sauces/5f92cffe58065c58e44da4e4 HTTP/1.1\" 200 19 \"http://localhost:4200/\" \"Mozilla/5.0 (Windows NT 10.0; Win64; x64) AppleWebKit/537.36 (KHTML, like Gecko) Chrome/86.0.4240.111 Safari/537.36\"\n","level":"info"}
{"message":"::1 - - [30/Oct/2020:15:08:30 +0000] \"GET /api/sauces/5f92cffe58065c58e44da4e4 HTTP/1.1\" 200 507 \"http://localhost:4200/\" \"Mozilla/5.0 (Windows NT 10.0; Win64; x64) AppleWebKit/537.36 (KHTML, like Gecko) Chrome/86.0.4240.111 Safari/537.36\"\n","level":"info"}
{"message":"::1 - - [30/Oct/2020:15:08:33 +0000] \"GET /api/sauces HTTP/1.1\" 304 - \"http://localhost:4200/\" \"Mozilla/5.0 (Windows NT 10.0; Win64; x64) AppleWebKit/537.36 (KHTML, like Gecko) Chrome/86.0.4240.111 Safari/537.36\"\n","level":"info"}
{"message":"::1 - - [30/Oct/2020:15:08:33 +0000] \"OPTIONS /api/sauces/5f92d29c83cb9b2cec3fa42b HTTP/1.1\" 200 19 \"http://localhost:4200/\" \"Mozilla/5.0 (Windows NT 10.0; Win64; x64) AppleWebKit/537.36 (KHTML, like Gecko) Chrome/86.0.4240.111 Safari/537.36\"\n","level":"info"}
{"message":"::1 - - [30/Oct/2020:15:08:33 +0000] \"GET /api/sauces/5f92d29c83cb9b2cec3fa42b HTTP/1.1\" 304 - \"http://localhost:4200/\" \"Mozilla/5.0 (Windows NT 10.0; Win64; x64) AppleWebKit/537.36 (KHTML, like Gecko) Chrome/86.0.4240.111 Safari/537.36\"\n","level":"info"}
{"message":"::1 - - [30/Oct/2020:15:08:35 +0000] \"OPTIONS /api/sauces/5f92d29c83cb9b2cec3fa42b/like HTTP/1.1\" 200 4 \"http://localhost:4200/\" \"Mozilla/5.0 (Windows NT 10.0; Win64; x64) AppleWebKit/537.36 (KHTML, like Gecko) Chrome/86.0.4240.111 Safari/537.36\"\n","level":"info"}
{"message":"::1 - - [30/Oct/2020:15:08:35 +0000] \"POST /api/sauces/5f92d29c83cb9b2cec3fa42b/like HTTP/1.1\" 200 70 \"http://localhost:4200/\" \"Mozilla/5.0 (Windows NT 10.0; Win64; x64) AppleWebKit/537.36 (KHTML, like Gecko) Chrome/86.0.4240.111 Safari/537.36\"\n","level":"info"}
{"message":"::1 - - [30/Oct/2020:15:08:37 +0000] \"POST /api/sauces/5f92d29c83cb9b2cec3fa42b/like HTTP/1.1\" 200 44 \"http://localhost:4200/\" \"Mozilla/5.0 (Windows NT 10.0; Win64; x64) AppleWebKit/537.36 (KHTML, like Gecko) Chrome/86.0.4240.111 Safari/537.36\"\n","level":"info"}
{"message":"::1 - - [30/Oct/2020:15:08:37 +0000] \"OPTIONS /api/sauces HTTP/1.1\" 200 13 \"http://localhost:4200/\" \"Mozilla/5.0 (Windows NT 10.0; Win64; x64) AppleWebKit/537.36 (KHTML, like Gecko) Chrome/86.0.4240.111 Safari/537.36\"\n","level":"info"}
{"message":"::1 - - [30/Oct/2020:15:08:37 +0000] \"GET /api/sauces HTTP/1.1\" 304 - \"http://localhost:4200/\" \"Mozilla/5.0 (Windows NT 10.0; Win64; x64) AppleWebKit/537.36 (KHTML, like Gecko) Chrome/86.0.4240.111 Safari/537.36\"\n","level":"info"}
{"message":"::1 - - [30/Oct/2020:15:08:38 +0000] \"GET /api/sauces/5f92d29c83cb9b2cec3fa42b HTTP/1.1\" 304 - \"http://localhost:4200/\" \"Mozilla/5.0 (Windows NT 10.0; Win64; x64) AppleWebKit/537.36 (KHTML, like Gecko) Chrome/86.0.4240.111 Safari/537.36\"\n","level":"info"}
{"message":"::1 - - [30/Oct/2020:15:08:38 +0000] \"GET /api/sauces HTTP/1.1\" 304 - \"http://localhost:4200/\" \"Mozilla/5.0 (Windows NT 10.0; Win64; x64) AppleWebKit/537.36 (KHTML, like Gecko) Chrome/86.0.4240.111 Safari/537.36\"\n","level":"info"}
{"message":"::1 - - [30/Oct/2020:15:08:39 +0000] \"OPTIONS /api/sauces/5f92cffe58065c58e44da4e4 HTTP/1.1\" 200 19 \"http://localhost:4200/\" \"Mozilla/5.0 (Windows NT 10.0; Win64; x64) AppleWebKit/537.36 (KHTML, like Gecko) Chrome/86.0.4240.111 Safari/537.36\"\n","level":"info"}
{"message":"::1 - - [30/Oct/2020:15:08:39 +0000] \"GET /api/sauces/5f92cffe58065c58e44da4e4 HTTP/1.1\" 304 - \"http://localhost:4200/\" \"Mozilla/5.0 (Windows NT 10.0; Win64; x64) AppleWebKit/537.36 (KHTML, like Gecko) Chrome/86.0.4240.111 Safari/537.36\"\n","level":"info"}
{"message":"::1 - - [30/Oct/2020:15:08:40 +0000] \"GET /api/sauces HTTP/1.1\" 304 - \"http://localhost:4200/\" \"Mozilla/5.0 (Windows NT 10.0; Win64; x64) AppleWebKit/537.36 (KHTML, like Gecko) Chrome/86.0.4240.111 Safari/537.36\"\n","level":"info"}
{"message":"::1 - - [30/Oct/2020:15:08:40 +0000] \"OPTIONS /api/sauces/5f96d51ba3c57b195001d189 HTTP/1.1\" 200 19 \"http://localhost:4200/\" \"Mozilla/5.0 (Windows NT 10.0; Win64; x64) AppleWebKit/537.36 (KHTML, like Gecko) Chrome/86.0.4240.111 Safari/537.36\"\n","level":"info"}
{"message":"::1 - - [30/Oct/2020:15:08:40 +0000] \"GET /api/sauces/5f96d51ba3c57b195001d189 HTTP/1.1\" 304 - \"http://localhost:4200/\" \"Mozilla/5.0 (Windows NT 10.0; Win64; x64) AppleWebKit/537.36 (KHTML, like Gecko) Chrome/86.0.4240.111 Safari/537.36\"\n","level":"info"}
{"message":"::1 - - [30/Oct/2020:15:08:41 +0000] \"GET /api/sauces HTTP/1.1\" 304 - \"http://localhost:4200/\" \"Mozilla/5.0 (Windows NT 10.0; Win64; x64) AppleWebKit/537.36 (KHTML, like Gecko) Chrome/86.0.4240.111 Safari/537.36\"\n","level":"info"}
{"message":"::1 - - [30/Oct/2020:15:09:33 +0000] \"OPTIONS /api/sauces/5f92cffe58065c58e44da4e4 HTTP/1.1\" 200 19 \"http://localhost:4200/\" \"Mozilla/5.0 (Windows NT 10.0; Win64; x64) AppleWebKit/537.36 (KHTML, like Gecko) Chrome/86.0.4240.111 Safari/537.36\"\n","level":"info"}
{"message":"::1 - - [30/Oct/2020:15:09:33 +0000] \"GET /api/sauces/5f92cffe58065c58e44da4e4 HTTP/1.1\" 304 - \"http://localhost:4200/\" \"Mozilla/5.0 (Windows NT 10.0; Win64; x64) AppleWebKit/537.36 (KHTML, like Gecko) Chrome/86.0.4240.111 Safari/537.36\"\n","level":"info"}
{"message":"::1 - - [30/Oct/2020:15:09:34 +0000] \"OPTIONS /api/sauces HTTP/1.1\" 200 13 \"http://localhost:4200/\" \"Mozilla/5.0 (Windows NT 10.0; Win64; x64) AppleWebKit/537.36 (KHTML, like Gecko) Chrome/86.0.4240.111 Safari/537.36\"\n","level":"info"}
{"message":"::1 - - [30/Oct/2020:15:09:34 +0000] \"GET /api/sauces HTTP/1.1\" 304 - \"http://localhost:4200/\" \"Mozilla/5.0 (Windows NT 10.0; Win64; x64) AppleWebKit/537.36 (KHTML, like Gecko) Chrome/86.0.4240.111 Safari/537.36\"\n","level":"info"}
{"message":"::1 - - [30/Oct/2020:15:09:35 +0000] \"OPTIONS /api/sauces/5f92d29c83cb9b2cec3fa42b HTTP/1.1\" 200 19 \"http://localhost:4200/\" \"Mozilla/5.0 (Windows NT 10.0; Win64; x64) AppleWebKit/537.36 (KHTML, like Gecko) Chrome/86.0.4240.111 Safari/537.36\"\n","level":"info"}
{"message":"::1 - - [30/Oct/2020:15:09:35 +0000] \"GET /api/sauces/5f92d29c83cb9b2cec3fa42b HTTP/1.1\" 304 - \"http://localhost:4200/\" \"Mozilla/5.0 (Windows NT 10.0; Win64; x64) AppleWebKit/537.36 (KHTML, like Gecko) Chrome/86.0.4240.111 Safari/537.36\"\n","level":"info"}
{"message":"::1 - - [30/Oct/2020:15:09:37 +0000] \"GET /api/sauces/5f92d29c83cb9b2cec3fa42b HTTP/1.1\" 304 - \"http://localhost:4200/\" \"Mozilla/5.0 (Windows NT 10.0; Win64; x64) AppleWebKit/537.36 (KHTML, like Gecko) Chrome/86.0.4240.111 Safari/537.36\"\n","level":"info"}
{"message":"::1 - - [30/Oct/2020:15:09:40 +0000] \"PUT /api/sauces/5f92d29c83cb9b2cec3fa42b HTTP/1.1\" 200 46 \"http://localhost:4200/\" \"Mozilla/5.0 (Windows NT 10.0; Win64; x64) AppleWebKit/537.36 (KHTML, like Gecko) Chrome/86.0.4240.111 Safari/537.36\"\n","level":"info"}
{"message":"::1 - - [30/Oct/2020:15:09:40 +0000] \"OPTIONS /api/sauces HTTP/1.1\" 200 13 \"http://localhost:4200/\" \"Mozilla/5.0 (Windows NT 10.0; Win64; x64) AppleWebKit/537.36 (KHTML, like Gecko) Chrome/86.0.4240.111 Safari/537.36\"\n","level":"info"}
{"message":"::1 - - [30/Oct/2020:15:09:40 +0000] \"GET /api/sauces HTTP/1.1\" 200 1302 \"http://localhost:4200/\" \"Mozilla/5.0 (Windows NT 10.0; Win64; x64) AppleWebKit/537.36 (KHTML, like Gecko) Chrome/86.0.4240.111 Safari/537.36\"\n","level":"info"}
{"message":"::1 - - [30/Oct/2020:15:09:40 +0000] \"GET /images/sauce-piquante-blair-s-ultra-death-sauce.jpg1603457022713.jpg HTTP/1.1\" 304 - \"http://localhost:4200/\" \"Mozilla/5.0 (Windows NT 10.0; Win64; x64) AppleWebKit/537.36 (KHTML, like Gecko) Chrome/86.0.4240.111 Safari/537.36\"\n","level":"info"}
{"message":"::1 - - [30/Oct/2020:15:09:40 +0000] \"GET /images/25-500x341.jpg1603720475218.jpg HTTP/1.1\" 304 - \"http://localhost:4200/\" \"Mozilla/5.0 (Windows NT 10.0; Win64; x64) AppleWebKit/537.36 (KHTML, like Gecko) Chrome/86.0.4240.111 Safari/537.36\"\n","level":"info"}
{"message":"::1 - - [30/Oct/2020:15:09:44 +0000] \"OPTIONS /api/sauces/5f92d29c83cb9b2cec3fa42b HTTP/1.1\" 200 19 \"http://localhost:4200/\" \"Mozilla/5.0 (Windows NT 10.0; Win64; x64) AppleWebKit/537.36 (KHTML, like Gecko) Chrome/86.0.4240.111 Safari/537.36\"\n","level":"info"}
{"message":"::1 - - [30/Oct/2020:15:09:44 +0000] \"GET /api/sauces/5f92d29c83cb9b2cec3fa42b HTTP/1.1\" 200 408 \"http://localhost:4200/\" \"Mozilla/5.0 (Windows NT 10.0; Win64; x64) AppleWebKit/537.36 (KHTML, like Gecko) Chrome/86.0.4240.111 Safari/537.36\"\n","level":"info"}
{"message":"::1 - - [30/Oct/2020:15:09:47 +0000] \"OPTIONS /api/sauces HTTP/1.1\" 200 13 \"http://localhost:4200/\" \"Mozilla/5.0 (Windows NT 10.0; Win64; x64) AppleWebKit/537.36 (KHTML, like Gecko) Chrome/86.0.4240.111 Safari/537.36\"\n","level":"info"}
{"message":"::1 - - [30/Oct/2020:15:09:47 +0000] \"GET /api/sauces HTTP/1.1\" 304 - \"http://localhost:4200/\" \"Mozilla/5.0 (Windows NT 10.0; Win64; x64) AppleWebKit/537.36 (KHTML, like Gecko) Chrome/86.0.4240.111 Safari/537.36\"\n","level":"info"}
{"message":"::1 - - [30/Oct/2020:15:09:48 +0000] \"GET /api/sauces/5f92d29c83cb9b2cec3fa42b HTTP/1.1\" 304 - \"http://localhost:4200/\" \"Mozilla/5.0 (Windows NT 10.0; Win64; x64) AppleWebKit/537.36 (KHTML, like Gecko) Chrome/86.0.4240.111 Safari/537.36\"\n","level":"info"}
{"message":"::1 - - [30/Oct/2020:15:09:54 +0000] \"OPTIONS /api/sauces HTTP/1.1\" 200 13 \"http://localhost:4200/\" \"Mozilla/5.0 (Windows NT 10.0; Win64; x64) AppleWebKit/537.36 (KHTML, like Gecko) Chrome/86.0.4240.111 Safari/537.36\"\n","level":"info"}
{"message":"::1 - - [30/Oct/2020:15:09:54 +0000] \"GET /api/sauces HTTP/1.1\" 304 - \"http://localhost:4200/\" \"Mozilla/5.0 (Windows NT 10.0; Win64; x64) AppleWebKit/537.36 (KHTML, like Gecko) Chrome/86.0.4240.111 Safari/537.36\"\n","level":"info"}
{"message":"::1 - - [30/Oct/2020:15:09:56 +0000] \"OPTIONS /api/sauces/5f92cffe58065c58e44da4e4 HTTP/1.1\" 200 19 \"http://localhost:4200/\" \"Mozilla/5.0 (Windows NT 10.0; Win64; x64) AppleWebKit/537.36 (KHTML, like Gecko) Chrome/86.0.4240.111 Safari/537.36\"\n","level":"info"}
{"message":"::1 - - [30/Oct/2020:15:09:56 +0000] \"GET /api/sauces/5f92cffe58065c58e44da4e4 HTTP/1.1\" 304 - \"http://localhost:4200/\" \"Mozilla/5.0 (Windows NT 10.0; Win64; x64) AppleWebKit/537.36 (KHTML, like Gecko) Chrome/86.0.4240.111 Safari/537.36\"\n","level":"info"}
{"message":"::1 - - [30/Oct/2020:15:09:58 +0000] \"GET /api/sauces HTTP/1.1\" 304 - \"http://localhost:4200/\" \"Mozilla/5.0 (Windows NT 10.0; Win64; x64) AppleWebKit/537.36 (KHTML, like Gecko) Chrome/86.0.4240.111 Safari/537.36\"\n","level":"info"}
